{"P:\\SCH.DEV\\src\\core\\balance.ts": {"path":"P:\\SCH.DEV\\src\\core\\balance.ts","statementMap":{"0":{"start":{"line":13,"column":29},"end":{"line":20,"column":null}},"1":{"start":{"line":22,"column":31},"end":{"line":35,"column":null}},"2":{"start":{"line":37,"column":38},"end":{"line":42,"column":null}},"3":{"start":{"line":45,"column":34},"end":{"line":51,"column":null}},"4":{"start":{"line":54,"column":39},"end":{"line":66,"column":null}},"5":{"start":{"line":68,"column":31},"end":{"line":68,"column":null}},"6":{"start":{"line":70,"column":25},"end":{"line":70,"column":null}},"7":{"start":{"line":72,"column":31},"end":{"line":72,"column":null}},"8":{"start":{"line":73,"column":29},"end":{"line":73,"column":null}},"9":{"start":{"line":75,"column":25},"end":{"line":75,"column":null}},"10":{"start":{"line":76,"column":32},"end":{"line":76,"column":null}},"11":{"start":{"line":77,"column":26},"end":{"line":77,"column":null}},"12":{"start":{"line":78,"column":26},"end":{"line":78,"column":null}},"13":{"start":{"line":79,"column":28},"end":{"line":79,"column":null}},"14":{"start":{"line":80,"column":28},"end":{"line":80,"column":null}},"15":{"start":{"line":81,"column":34},"end":{"line":81,"column":null}},"16":{"start":{"line":83,"column":33},"end":{"line":83,"column":null}},"17":{"start":{"line":90,"column":30},"end":{"line":90,"column":null}},"18":{"start":{"line":92,"column":32},"end":{"line":92,"column":null}},"19":{"start":{"line":94,"column":26},"end":{"line":94,"column":null}},"20":{"start":{"line":95,"column":30},"end":{"line":95,"column":null}},"21":{"start":{"line":96,"column":30},"end":{"line":96,"column":null}},"22":{"start":{"line":98,"column":32},"end":{"line":98,"column":null}},"23":{"start":{"line":99,"column":31},"end":{"line":99,"column":null}},"24":{"start":{"line":100,"column":34},"end":{"line":100,"column":null}},"25":{"start":{"line":102,"column":27},"end":{"line":102,"column":null}},"26":{"start":{"line":103,"column":29},"end":{"line":103,"column":null}}},"fnMap":{},"branchMap":{},"s":{"0":4,"1":4,"2":4,"3":4,"4":4,"5":4,"6":4,"7":4,"8":4,"9":4,"10":4,"11":4,"12":4,"13":4,"14":4,"15":4,"16":4,"17":4,"18":4,"19":4,"20":4,"21":4,"22":4,"23":4,"24":4,"25":4,"26":4},"f":{},"b":{},"meta":{"lastBranch":0,"lastFunction":0,"lastStatement":27,"seen":{"s:13:29:20:Infinity":0,"s:22:31:35:Infinity":1,"s:37:38:42:Infinity":2,"s:45:34:51:Infinity":3,"s:54:39:66:Infinity":4,"s:68:31:68:Infinity":5,"s:70:25:70:Infinity":6,"s:72:31:72:Infinity":7,"s:73:29:73:Infinity":8,"s:75:25:75:Infinity":9,"s:76:32:76:Infinity":10,"s:77:26:77:Infinity":11,"s:78:26:78:Infinity":12,"s:79:28:79:Infinity":13,"s:80:28:80:Infinity":14,"s:81:34:81:Infinity":15,"s:83:33:83:Infinity":16,"s:90:30:90:Infinity":17,"s:92:32:92:Infinity":18,"s:94:26:94:Infinity":19,"s:95:30:95:Infinity":20,"s:96:30:96:Infinity":21,"s:98:32:98:Infinity":22,"s:99:31:99:Infinity":23,"s:100:34:100:Infinity":24,"s:102:27:102:Infinity":25,"s:103:29:103:Infinity":26},"fnNames":{}}}
,"P:\\SCH.DEV\\src\\core\\deck.ts": {"path":"P:\\SCH.DEV\\src\\core\\deck.ts","statementMap":{"0":{"start":{"line":17,"column":2},"end":{"line":20,"column":null}},"1":{"start":{"line":18,"column":70},"end":{"line":18,"column":93}},"2":{"start":{"line":28,"column":14},"end":{"line":28,"column":null}},"3":{"start":{"line":29,"column":2},"end":{"line":32,"column":null}},"4":{"start":{"line":29,"column":15},"end":{"line":29,"column":31}},"5":{"start":{"line":30,"column":14},"end":{"line":30,"column":null}},"6":{"start":{"line":31,"column":5},"end":{"line":31,"column":null}},"7":{"start":{"line":33,"column":2},"end":{"line":33,"column":null}},"8":{"start":{"line":42,"column":2},"end":{"line":42,"column":null}},"9":{"start":{"line":47,"column":2},"end":{"line":47,"column":null}},"10":{"start":{"line":56,"column":16},"end":{"line":56,"column":null}},"11":{"start":{"line":56,"column":49},"end":{"line":56,"column":55}},"12":{"start":{"line":57,"column":2},"end":{"line":57,"column":null}}},"fnMap":{"0":{"name":"buildCollection","decl":{"start":{"line":16,"column":16},"end":{"line":16,"column":40}},"loc":{"start":{"line":16,"column":40},"end":{"line":21,"column":null}},"line":16},"1":{"name":"(anonymous_1)","decl":{"start":{"line":18,"column":50},"end":{"line":18,"column":54}},"loc":{"start":{"line":18,"column":70},"end":{"line":18,"column":93}},"line":18},"2":{"name":"shuffleCollection","decl":{"start":{"line":27,"column":16},"end":{"line":27,"column":34}},"loc":{"start":{"line":27,"column":62},"end":{"line":34,"column":null}},"line":27},"3":{"name":"drawFromDeck","decl":{"start":{"line":41,"column":16},"end":{"line":41,"column":29}},"loc":{"start":{"line":41,"column":55},"end":{"line":43,"column":null}},"line":41},"4":{"name":"discardToPile","decl":{"start":{"line":46,"column":16},"end":{"line":46,"column":30}},"loc":{"start":{"line":46,"column":60},"end":{"line":48,"column":null}},"line":46},"5":{"name":"returnHandToPile","decl":{"start":{"line":55,"column":16},"end":{"line":55,"column":33}},"loc":{"start":{"line":55,"column":63},"end":{"line":58,"column":null}},"line":55},"6":{"name":"(anonymous_6)","decl":{"start":{"line":56,"column":38},"end":{"line":56,"column":43}},"loc":{"start":{"line":56,"column":49},"end":{"line":56,"column":55}},"line":56}},"branchMap":{"0":{"loc":{"start":{"line":42,"column":9},"end":{"line":42,"column":null}},"type":"cond-expr","locations":[{"start":{"line":42,"column":36},"end":{"line":42,"column":61}},{"start":{"line":42,"column":61},"end":{"line":42,"column":null}}],"line":42}},"s":{"0":129,"1":10320,"2":152,"3":152,"4":152,"5":11620,"6":11620,"7":152,"8":968,"9":170,"10":91,"11":523,"12":91},"f":{"0":129,"1":10320,"2":152,"3":968,"4":170,"5":91,"6":523},"b":{"0":[960,8]},"meta":{"lastBranch":1,"lastFunction":7,"lastStatement":13,"seen":{"f:16:16:16:40":0,"s:17:2:20:Infinity":0,"f:18:50:18:54":1,"s:18:70:18:93":1,"f:27:16:27:34":2,"s:28:14:28:Infinity":2,"s:29:2:32:Infinity":3,"s:29:15:29:31":4,"s:30:14:30:Infinity":5,"s:31:5:31:Infinity":6,"s:33:2:33:Infinity":7,"f:41:16:41:29":3,"s:42:2:42:Infinity":8,"b:42:36:42:61:42:61:42:Infinity":0,"f:46:16:46:30":4,"s:47:2:47:Infinity":9,"f:55:16:55:33":5,"s:56:16:56:Infinity":10,"f:56:38:56:43":6,"s:56:49:56:55":11,"s:57:2:57:Infinity":12},"fnNames":{}}}
,"P:\\SCH.DEV\\src\\core\\helpers.ts": {"path":"P:\\SCH.DEV\\src\\core\\helpers.ts","statementMap":{"0":{"start":{"line":8,"column":13},"end":{"line":8,"column":null}},"1":{"start":{"line":8,"column":49},"end":{"line":8,"column":null}},"2":{"start":{"line":9,"column":35},"end":{"line":9,"column":null}},"3":{"start":{"line":10,"column":13},"end":{"line":10,"column":null}},"4":{"start":{"line":10,"column":74},"end":{"line":10,"column":null}},"5":{"start":{"line":13,"column":13},"end":{"line":13,"column":null}},"6":{"start":{"line":13,"column":68},"end":{"line":13,"column":null}},"7":{"start":{"line":16,"column":13},"end":{"line":17,"column":null}},"8":{"start":{"line":17,"column":2},"end":{"line":17,"column":null}},"9":{"start":{"line":17,"column":48},"end":{"line":17,"column":66}},"10":{"start":{"line":20,"column":13},"end":{"line":25,"column":null}},"11":{"start":{"line":20,"column":89},"end":{"line":25,"column":null}},"12":{"start":{"line":28,"column":13},"end":{"line":28,"column":null}},"13":{"start":{"line":28,"column":53},"end":{"line":28,"column":null}}},"fnMap":{"0":{"name":"(anonymous_0)","decl":{"start":{"line":8,"column":13},"end":{"line":8,"column":24}},"loc":{"start":{"line":8,"column":49},"end":{"line":8,"column":null}},"line":8},"1":{"name":"(anonymous_1)","decl":{"start":{"line":10,"column":13},"end":{"line":10,"column":26}},"loc":{"start":{"line":10,"column":74},"end":{"line":10,"column":null}},"line":10},"2":{"name":"(anonymous_2)","decl":{"start":{"line":13,"column":13},"end":{"line":13,"column":25}},"loc":{"start":{"line":13,"column":68},"end":{"line":13,"column":null}},"line":13},"3":{"name":"(anonymous_3)","decl":{"start":{"line":16,"column":13},"end":{"line":16,"column":26}},"loc":{"start":{"line":17,"column":2},"end":{"line":17,"column":null}},"line":17},"4":{"name":"(anonymous_4)","decl":{"start":{"line":17,"column":28},"end":{"line":17,"column":48}},"loc":{"start":{"line":17,"column":48},"end":{"line":17,"column":66}},"line":17},"5":{"name":"(anonymous_5)","decl":{"start":{"line":20,"column":13},"end":{"line":20,"column":27}},"loc":{"start":{"line":20,"column":89},"end":{"line":25,"column":null}},"line":20},"6":{"name":"(anonymous_6)","decl":{"start":{"line":28,"column":13},"end":{"line":28,"column":27}},"loc":{"start":{"line":28,"column":53},"end":{"line":28,"column":null}},"line":28}},"branchMap":{"0":{"loc":{"start":{"line":20,"column":51},"end":{"line":20,"column":89}},"type":"default-arg","locations":[{"start":{"line":20,"column":62},"end":{"line":20,"column":89}}],"line":20},"1":{"loc":{"start":{"line":28,"column":53},"end":{"line":28,"column":null}},"type":"cond-expr","locations":[{"start":{"line":28,"column":79},"end":{"line":28,"column":93}},{"start":{"line":28,"column":93},"end":{"line":28,"column":null}}],"line":28}},"s":{"0":3,"1":1235,"2":3,"3":3,"4":6,"5":3,"6":2833,"7":3,"8":738,"9":4806,"10":3,"11":1515,"12":3,"13":87},"f":{"0":1235,"1":6,"2":2833,"3":738,"4":4806,"5":1515,"6":87},"b":{"0":[1515],"1":[10,77]},"meta":{"lastBranch":2,"lastFunction":7,"lastStatement":14,"seen":{"s:8:13:8:Infinity":0,"f:8:13:8:24":0,"s:8:49:8:Infinity":1,"s:9:35:9:Infinity":2,"s:10:13:10:Infinity":3,"f:10:13:10:26":1,"s:10:74:10:Infinity":4,"s:13:13:13:Infinity":5,"f:13:13:13:25":2,"s:13:68:13:Infinity":6,"s:16:13:17:Infinity":7,"f:16:13:16:26":3,"s:17:2:17:Infinity":8,"f:17:28:17:48":4,"s:17:48:17:66":9,"s:20:13:25:Infinity":10,"f:20:13:20:27":5,"s:20:89:25:Infinity":11,"b:20:62:20:89":0,"s:28:13:28:Infinity":12,"f:28:13:28:27":6,"s:28:53:28:Infinity":13,"b:28:79:28:93:28:93:28:Infinity":1},"fnNames":{}}}
,"P:\\SCH.DEV\\src\\core\\rng.ts": {"path":"P:\\SCH.DEV\\src\\core\\rng.ts","statementMap":{"0":{"start":{"line":8,"column":10},"end":{"line":8,"column":null}},"1":{"start":{"line":9,"column":2},"end":{"line":12,"column":null}},"2":{"start":{"line":9,"column":15},"end":{"line":9,"column":18}},"3":{"start":{"line":10,"column":4},"end":{"line":10,"column":null}},"4":{"start":{"line":11,"column":4},"end":{"line":11,"column":null}},"5":{"start":{"line":13,"column":2},"end":{"line":17,"column":null}},"6":{"start":{"line":14,"column":4},"end":{"line":14,"column":null}},"7":{"start":{"line":15,"column":4},"end":{"line":15,"column":null}},"8":{"start":{"line":16,"column":4},"end":{"line":16,"column":null}},"9":{"start":{"line":31,"column":12},"end":{"line":31,"column":null}},"10":{"start":{"line":32,"column":2},"end":{"line":38,"column":null}},"11":{"start":{"line":33,"column":4},"end":{"line":33,"column":null}},"12":{"start":{"line":34,"column":17},"end":{"line":34,"column":null}},"13":{"start":{"line":36,"column":6},"end":{"line":36,"column":null}},"14":{"start":{"line":44,"column":13},"end":{"line":44,"column":null}},"15":{"start":{"line":44,"column":56},"end":{"line":44,"column":null}},"16":{"start":{"line":47,"column":13},"end":{"line":48,"column":null}},"17":{"start":{"line":48,"column":2},"end":{"line":48,"column":null}},"18":{"start":{"line":50,"column":19},"end":{"line":50,"column":null}},"19":{"start":{"line":59,"column":14},"end":{"line":59,"column":null}},"20":{"start":{"line":60,"column":2},"end":{"line":60,"column":null}},"21":{"start":{"line":61,"column":14},"end":{"line":61,"column":null}},"22":{"start":{"line":62,"column":13},"end":{"line":62,"column":null}},"23":{"start":{"line":63,"column":2},"end":{"line":63,"column":null}},"24":{"start":{"line":63,"column":15},"end":{"line":63,"column":18}},"25":{"start":{"line":63,"column":32},"end":{"line":63,"column":null}},"26":{"start":{"line":64,"column":2},"end":{"line":64,"column":null}}},"fnMap":{"0":{"name":"xmur3","decl":{"start":{"line":7,"column":16},"end":{"line":7,"column":22}},"loc":{"start":{"line":7,"column":49},"end":{"line":18,"column":null}},"line":7},"1":{"name":"(anonymous_1)","decl":{"start":{"line":13,"column":2},"end":{"line":13,"column":15}},"loc":{"start":{"line":13,"column":15},"end":{"line":17,"column":null}},"line":13},"2":{"name":"createRng","decl":{"start":{"line":30,"column":16},"end":{"line":30,"column":26}},"loc":{"start":{"line":30,"column":45},"end":{"line":39,"column":null}},"line":30},"3":{"name":"(anonymous_3)","decl":{"start":{"line":33,"column":4},"end":{"line":33,"column":17}},"loc":{"start":{"line":33,"column":4},"end":{"line":33,"column":null}},"line":33},"4":{"name":"(anonymous_4)","decl":{"start":{"line":34,"column":4},"end":{"line":34,"column":17}},"loc":{"start":{"line":34,"column":17},"end":{"line":34,"column":null}},"line":34},"5":{"name":"(anonymous_5)","decl":{"start":{"line":35,"column":4},"end":{"line":35,"column":14}},"loc":{"start":{"line":35,"column":20},"end":{"line":37,"column":null}},"line":35},"6":{"name":"(anonymous_6)","decl":{"start":{"line":44,"column":13},"end":{"line":44,"column":23}},"loc":{"start":{"line":44,"column":56},"end":{"line":44,"column":null}},"line":44},"7":{"name":"(anonymous_7)","decl":{"start":{"line":47,"column":13},"end":{"line":47,"column":27}},"loc":{"start":{"line":48,"column":2},"end":{"line":48,"column":null}},"line":48},"8":{"name":"generateSeed","decl":{"start":{"line":58,"column":16},"end":{"line":58,"column":39}},"loc":{"start":{"line":58,"column":39},"end":{"line":65,"column":null}},"line":58}},"branchMap":{},"s":{"0":355,"1":355,"2":355,"3":1422,"4":1422,"5":355,"6":355,"7":355,"8":355,"9":351,"10":351,"11":34009,"12":342,"13":9,"14":4,"15":10119,"16":4,"17":10000,"18":4,"19":150,"20":150,"21":150,"22":150,"23":150,"24":150,"25":1054,"26":150},"f":{"0":355,"1":355,"2":351,"3":34009,"4":342,"5":9,"6":10119,"7":10000,"8":150},"b":{},"meta":{"lastBranch":0,"lastFunction":9,"lastStatement":27,"seen":{"f:7:16:7:22":0,"s:8:10:8:Infinity":0,"s:9:2:12:Infinity":1,"s:9:15:9:18":2,"s:10:4:10:Infinity":3,"s:11:4:11:Infinity":4,"s:13:2:17:Infinity":5,"f:13:2:13:15":1,"s:14:4:14:Infinity":6,"s:15:4:15:Infinity":7,"s:16:4:16:Infinity":8,"f:30:16:30:26":2,"s:31:12:31:Infinity":9,"s:32:2:38:Infinity":10,"f:33:4:33:17":3,"s:33:4:33:Infinity":11,"f:34:4:34:17":4,"s:34:17:34:Infinity":12,"f:35:4:35:14":5,"s:36:6:36:Infinity":13,"s:44:13:44:Infinity":14,"f:44:13:44:23":6,"s:44:56:44:Infinity":15,"s:47:13:48:Infinity":16,"f:47:13:47:27":7,"s:48:2:48:Infinity":17,"s:50:19:50:Infinity":18,"f:58:16:58:39":8,"s:59:14:59:Infinity":19,"s:60:2:60:Infinity":20,"s:61:14:61:Infinity":21,"s:62:13:62:Infinity":22,"s:63:2:63:Infinity":23,"s:63:15:63:18":24,"s:63:32:63:Infinity":25,"s:64:2:64:Infinity":26},"fnNames":{}}}
,"P:\\SCH.DEV\\src\\core\\scoring.ts": {"path":"P:\\SCH.DEV\\src\\core\\scoring.ts","statementMap":{"0":{"start":{"line":43,"column":6},"end":{"line":43,"column":null}},"1":{"start":{"line":43,"column":37},"end":{"line":43,"column":null}},"2":{"start":{"line":57,"column":8},"end":{"line":57,"column":null}},"3":{"start":{"line":57,"column":43},"end":{"line":57,"column":null}},"4":{"start":{"line":57,"column":68},"end":{"line":57,"column":83}},"5":{"start":{"line":62,"column":21},"end":{"line":62,"column":null}},"6":{"start":{"line":63,"column":17},"end":{"line":63,"column":null}},"7":{"start":{"line":64,"column":2},"end":{"line":79,"column":null}},"8":{"start":{"line":65,"column":4},"end":{"line":65,"column":null}},"9":{"start":{"line":66,"column":4},"end":{"line":66,"column":null}},"10":{"start":{"line":67,"column":9},"end":{"line":79,"column":null}},"11":{"start":{"line":68,"column":4},"end":{"line":68,"column":null}},"12":{"start":{"line":69,"column":4},"end":{"line":69,"column":null}},"13":{"start":{"line":70,"column":9},"end":{"line":79,"column":null}},"14":{"start":{"line":71,"column":4},"end":{"line":71,"column":null}},"15":{"start":{"line":72,"column":4},"end":{"line":72,"column":null}},"16":{"start":{"line":73,"column":9},"end":{"line":79,"column":null}},"17":{"start":{"line":74,"column":4},"end":{"line":74,"column":null}},"18":{"start":{"line":75,"column":4},"end":{"line":75,"column":null}},"19":{"start":{"line":77,"column":4},"end":{"line":77,"column":null}},"20":{"start":{"line":78,"column":4},"end":{"line":78,"column":null}},"21":{"start":{"line":82,"column":13},"end":{"line":82,"column":null}},"22":{"start":{"line":85,"column":2},"end":{"line":85,"column":null}},"23":{"start":{"line":85,"column":25},"end":{"line":85,"column":null}},"24":{"start":{"line":86,"column":2},"end":{"line":86,"column":null}},"25":{"start":{"line":101,"column":16},"end":{"line":101,"column":null}},"26":{"start":{"line":101,"column":49},"end":{"line":101,"column":55}},"27":{"start":{"line":102,"column":12},"end":{"line":102,"column":null}},"28":{"start":{"line":103,"column":2},"end":{"line":103,"column":null}},"29":{"start":{"line":103,"column":14},"end":{"line":103,"column":null}},"30":{"start":{"line":106,"column":39},"end":{"line":106,"column":null}},"31":{"start":{"line":107,"column":15},"end":{"line":107,"column":null}},"32":{"start":{"line":108,"column":12},"end":{"line":108,"column":null}},"33":{"start":{"line":109,"column":2},"end":{"line":113,"column":null}},"34":{"start":{"line":109,"column":15},"end":{"line":109,"column":18}},"35":{"start":{"line":110,"column":4},"end":{"line":110,"column":null}},"36":{"start":{"line":111,"column":4},"end":{"line":111,"column":null}},"37":{"start":{"line":112,"column":4},"end":{"line":112,"column":null}},"38":{"start":{"line":114,"column":19},"end":{"line":114,"column":null}},"39":{"start":{"line":115,"column":24},"end":{"line":115,"column":null}},"40":{"start":{"line":115,"column":57},"end":{"line":115,"column":86}},"41":{"start":{"line":118,"column":2},"end":{"line":120,"column":null}},"42":{"start":{"line":119,"column":4},"end":{"line":119,"column":null}},"43":{"start":{"line":122,"column":2},"end":{"line":122,"column":null}},"44":{"start":{"line":122,"column":19},"end":{"line":122,"column":null}},"45":{"start":{"line":124,"column":2},"end":{"line":126,"column":null}},"46":{"start":{"line":125,"column":4},"end":{"line":125,"column":null}},"47":{"start":{"line":128,"column":2},"end":{"line":128,"column":null}},"48":{"start":{"line":128,"column":21},"end":{"line":128,"column":null}},"49":{"start":{"line":130,"column":2},"end":{"line":130,"column":null}},"50":{"start":{"line":130,"column":19},"end":{"line":130,"column":null}},"51":{"start":{"line":132,"column":2},"end":{"line":132,"column":null}},"52":{"start":{"line":132,"column":22},"end":{"line":132,"column":null}},"53":{"start":{"line":133,"column":2},"end":{"line":133,"column":null}},"54":{"start":{"line":149,"column":18},"end":{"line":149,"column":null}},"55":{"start":{"line":150,"column":15},"end":{"line":150,"column":null}},"56":{"start":{"line":153,"column":15},"end":{"line":153,"column":null}},"57":{"start":{"line":153,"column":40},"end":{"line":153,"column":53}},"58":{"start":{"line":154,"column":14},"end":{"line":154,"column":null}},"59":{"start":{"line":155,"column":13},"end":{"line":155,"column":null}},"60":{"start":{"line":158,"column":2},"end":{"line":162,"column":null}},"61":{"start":{"line":159,"column":4},"end":{"line":161,"column":null}},"62":{"start":{"line":159,"column":31},"end":{"line":159,"column":null}},"63":{"start":{"line":160,"column":9},"end":{"line":161,"column":null}},"64":{"start":{"line":160,"column":35},"end":{"line":160,"column":null}},"65":{"start":{"line":161,"column":9},"end":{"line":161,"column":null}},"66":{"start":{"line":161,"column":61},"end":{"line":161,"column":null}},"67":{"start":{"line":165,"column":16},"end":{"line":165,"column":null}},"68":{"start":{"line":168,"column":13},"end":{"line":168,"column":null}},"69":{"start":{"line":169,"column":2},"end":{"line":175,"column":null}},"70":{"start":{"line":170,"column":4},"end":{"line":170,"column":null}},"71":{"start":{"line":170,"column":25},"end":{"line":170,"column":null}},"72":{"start":{"line":171,"column":4},"end":{"line":174,"column":null}},"73":{"start":{"line":172,"column":6},"end":{"line":173,"column":null}},"74":{"start":{"line":172,"column":33},"end":{"line":172,"column":null}},"75":{"start":{"line":173,"column":11},"end":{"line":173,"column":null}},"76":{"start":{"line":173,"column":73},"end":{"line":173,"column":null}},"77":{"start":{"line":177,"column":2},"end":{"line":177,"column":null}}},"fnMap":{"0":{"name":"(anonymous_0)","decl":{"start":{"line":43,"column":6},"end":{"line":43,"column":18}},"loc":{"start":{"line":43,"column":37},"end":{"line":43,"column":null}},"line":43},"1":{"name":"resolveFace","decl":{"start":{"line":56,"column":16},"end":{"line":56,"column":28}},"loc":{"start":{"line":56,"column":76},"end":{"line":87,"column":null}},"line":56},"2":{"name":"(anonymous_2)","decl":{"start":{"line":57,"column":8},"end":{"line":57,"column":18}},"loc":{"start":{"line":57,"column":43},"end":{"line":57,"column":null}},"line":57},"3":{"name":"(anonymous_3)","decl":{"start":{"line":57,"column":56},"end":{"line":57,"column":62}},"loc":{"start":{"line":57,"column":68},"end":{"line":57,"column":83}},"line":57},"4":{"name":"matchTier","decl":{"start":{"line":100,"column":16},"end":{"line":100,"column":26}},"loc":{"start":{"line":100,"column":80},"end":{"line":134,"column":null}},"line":100},"5":{"name":"(anonymous_5)","decl":{"start":{"line":101,"column":38},"end":{"line":101,"column":43}},"loc":{"start":{"line":101,"column":49},"end":{"line":101,"column":55}},"line":101},"6":{"name":"(anonymous_6)","decl":{"start":{"line":115,"column":41},"end":{"line":115,"column":48}},"loc":{"start":{"line":115,"column":57},"end":{"line":115,"column":86}},"line":115},"7":{"name":"scoreHand","decl":{"start":{"line":147,"column":16},"end":{"line":147,"column":26}},"loc":{"start":{"line":147,"column":100},"end":{"line":178,"column":null}},"line":147},"8":{"name":"(anonymous_8)","decl":{"start":{"line":153,"column":28},"end":{"line":153,"column":34}},"loc":{"start":{"line":153,"column":40},"end":{"line":153,"column":53}},"line":153}},"branchMap":{"0":{"loc":{"start":{"line":43,"column":37},"end":{"line":43,"column":null}},"type":"cond-expr","locations":[{"start":{"line":43,"column":49},"end":{"line":43,"column":55}},{"start":{"line":43,"column":55},"end":{"line":43,"column":null}}],"line":43},"1":{"loc":{"start":{"line":64,"column":2},"end":{"line":79,"column":null}},"type":"if","locations":[{"start":{"line":64,"column":2},"end":{"line":79,"column":null}},{"start":{"line":67,"column":9},"end":{"line":79,"column":null}}],"line":64},"2":{"loc":{"start":{"line":64,"column":6},"end":{"line":64,"column":39}},"type":"binary-expr","locations":[{"start":{"line":64,"column":6},"end":{"line":64,"column":19}},{"start":{"line":64,"column":19},"end":{"line":64,"column":39}}],"line":64},"3":{"loc":{"start":{"line":67,"column":9},"end":{"line":79,"column":null}},"type":"if","locations":[{"start":{"line":67,"column":9},"end":{"line":79,"column":null}},{"start":{"line":70,"column":9},"end":{"line":79,"column":null}}],"line":67},"4":{"loc":{"start":{"line":67,"column":13},"end":{"line":67,"column":61}},"type":"binary-expr","locations":[{"start":{"line":67,"column":13},"end":{"line":67,"column":27}},{"start":{"line":67,"column":27},"end":{"line":67,"column":61}}],"line":67},"5":{"loc":{"start":{"line":70,"column":9},"end":{"line":79,"column":null}},"type":"if","locations":[{"start":{"line":70,"column":9},"end":{"line":79,"column":null}},{"start":{"line":73,"column":9},"end":{"line":79,"column":null}}],"line":70},"6":{"loc":{"start":{"line":73,"column":9},"end":{"line":79,"column":null}},"type":"if","locations":[{"start":{"line":73,"column":9},"end":{"line":79,"column":null}},{"start":{"line":76,"column":9},"end":{"line":79,"column":null}}],"line":73},"7":{"loc":{"start":{"line":73,"column":13},"end":{"line":73,"column":49}},"type":"binary-expr","locations":[{"start":{"line":73,"column":13},"end":{"line":73,"column":23}},{"start":{"line":73,"column":23},"end":{"line":73,"column":49}}],"line":73},"8":{"loc":{"start":{"line":82,"column":13},"end":{"line":82,"column":null}},"type":"cond-expr","locations":[{"start":{"line":82,"column":30},"end":{"line":82,"column":39}},{"start":{"line":82,"column":39},"end":{"line":82,"column":null}}],"line":82},"9":{"loc":{"start":{"line":85,"column":2},"end":{"line":85,"column":null}},"type":"if","locations":[{"start":{"line":85,"column":2},"end":{"line":85,"column":null}},{"start":{},"end":{}}],"line":85},"10":{"loc":{"start":{"line":103,"column":2},"end":{"line":103,"column":null}},"type":"if","locations":[{"start":{"line":103,"column":2},"end":{"line":103,"column":null}},{"start":{},"end":{}}],"line":103},"11":{"loc":{"start":{"line":111,"column":10},"end":{"line":111,"column":null}},"type":"cond-expr","locations":[{"start":{"line":111,"column":47},"end":{"line":111,"column":57}},{"start":{"line":111,"column":57},"end":{"line":111,"column":null}}],"line":111},"12":{"loc":{"start":{"line":111,"column":10},"end":{"line":111,"column":47}},"type":"binary-expr","locations":[{"start":{"line":111,"column":10},"end":{"line":111,"column":19}},{"start":{"line":111,"column":19},"end":{"line":111,"column":47}}],"line":111},"13":{"loc":{"start":{"line":115,"column":24},"end":{"line":115,"column":null}},"type":"binary-expr","locations":[{"start":{"line":115,"column":24},"end":{"line":115,"column":35}},{"start":{"line":115,"column":35},"end":{"line":115,"column":null}}],"line":115},"14":{"loc":{"start":{"line":115,"column":57},"end":{"line":115,"column":86}},"type":"binary-expr","locations":[{"start":{"line":115,"column":57},"end":{"line":115,"column":68}},{"start":{"line":115,"column":68},"end":{"line":115,"column":86}}],"line":115},"15":{"loc":{"start":{"line":118,"column":2},"end":{"line":120,"column":null}},"type":"if","locations":[{"start":{"line":118,"column":2},"end":{"line":120,"column":null}},{"start":{},"end":{}}],"line":118},"16":{"loc":{"start":{"line":118,"column":6},"end":{"line":118,"column":33}},"type":"binary-expr","locations":[{"start":{"line":118,"column":6},"end":{"line":118,"column":17}},{"start":{"line":118,"column":17},"end":{"line":118,"column":33}}],"line":118},"17":{"loc":{"start":{"line":119,"column":11},"end":{"line":119,"column":null}},"type":"cond-expr","locations":[{"start":{"line":119,"column":54},"end":{"line":119,"column":73}},{"start":{"line":119,"column":73},"end":{"line":119,"column":null}}],"line":119},"18":{"loc":{"start":{"line":119,"column":11},"end":{"line":119,"column":54}},"type":"binary-expr","locations":[{"start":{"line":119,"column":11},"end":{"line":119,"column":24}},{"start":{"line":119,"column":24},"end":{"line":119,"column":54}}],"line":119},"19":{"loc":{"start":{"line":122,"column":2},"end":{"line":122,"column":null}},"type":"if","locations":[{"start":{"line":122,"column":2},"end":{"line":122,"column":null}},{"start":{},"end":{}}],"line":122},"20":{"loc":{"start":{"line":124,"column":2},"end":{"line":126,"column":null}},"type":"if","locations":[{"start":{"line":124,"column":2},"end":{"line":126,"column":null}},{"start":{},"end":{}}],"line":124},"21":{"loc":{"start":{"line":125,"column":11},"end":{"line":125,"column":null}},"type":"cond-expr","locations":[{"start":{"line":125,"column":57},"end":{"line":125,"column":64}},{"start":{"line":125,"column":64},"end":{"line":125,"column":null}}],"line":125},"22":{"loc":{"start":{"line":125,"column":11},"end":{"line":125,"column":57}},"type":"binary-expr","locations":[{"start":{"line":125,"column":11},"end":{"line":125,"column":24}},{"start":{"line":125,"column":24},"end":{"line":125,"column":57}}],"line":125},"23":{"loc":{"start":{"line":128,"column":2},"end":{"line":128,"column":null}},"type":"if","locations":[{"start":{"line":128,"column":2},"end":{"line":128,"column":null}},{"start":{},"end":{}}],"line":128},"24":{"loc":{"start":{"line":130,"column":2},"end":{"line":130,"column":null}},"type":"if","locations":[{"start":{"line":130,"column":2},"end":{"line":130,"column":null}},{"start":{},"end":{}}],"line":130},"25":{"loc":{"start":{"line":132,"column":2},"end":{"line":132,"column":null}},"type":"if","locations":[{"start":{"line":132,"column":2},"end":{"line":132,"column":null}},{"start":{},"end":{}}],"line":132},"26":{"loc":{"start":{"line":150,"column":15},"end":{"line":150,"column":null}},"type":"cond-expr","locations":[{"start":{"line":150,"column":30},"end":{"line":150,"column":46}},{"start":{"line":150,"column":46},"end":{"line":150,"column":null}}],"line":150},"27":{"loc":{"start":{"line":153,"column":15},"end":{"line":153,"column":null}},"type":"cond-expr","locations":[{"start":{"line":153,"column":22},"end":{"line":153,"column":57}},{"start":{"line":153,"column":57},"end":{"line":153,"column":null}}],"line":153},"28":{"loc":{"start":{"line":154,"column":14},"end":{"line":154,"column":null}},"type":"binary-expr","locations":[{"start":{"line":154,"column":14},"end":{"line":154,"column":29}},{"start":{"line":154,"column":29},"end":{"line":154,"column":null}}],"line":154},"29":{"loc":{"start":{"line":155,"column":13},"end":{"line":155,"column":null}},"type":"binary-expr","locations":[{"start":{"line":155,"column":13},"end":{"line":155,"column":27}},{"start":{"line":155,"column":27},"end":{"line":155,"column":null}}],"line":155},"30":{"loc":{"start":{"line":159,"column":4},"end":{"line":161,"column":null}},"type":"if","locations":[{"start":{"line":159,"column":4},"end":{"line":161,"column":null}},{"start":{"line":160,"column":9},"end":{"line":161,"column":null}}],"line":159},"31":{"loc":{"start":{"line":160,"column":9},"end":{"line":161,"column":null}},"type":"if","locations":[{"start":{"line":160,"column":9},"end":{"line":161,"column":null}},{"start":{"line":161,"column":9},"end":{"line":161,"column":null}}],"line":160},"32":{"loc":{"start":{"line":161,"column":9},"end":{"line":161,"column":null}},"type":"if","locations":[{"start":{"line":161,"column":9},"end":{"line":161,"column":null}},{"start":{},"end":{}}],"line":161},"33":{"loc":{"start":{"line":161,"column":13},"end":{"line":161,"column":61}},"type":"binary-expr","locations":[{"start":{"line":161,"column":13},"end":{"line":161,"column":41}},{"start":{"line":161,"column":41},"end":{"line":161,"column":61}}],"line":161},"34":{"loc":{"start":{"line":165,"column":16},"end":{"line":165,"column":null}},"type":"cond-expr","locations":[{"start":{"line":165,"column":23},"end":{"line":165,"column":38}},{"start":{"line":165,"column":38},"end":{"line":165,"column":null}}],"line":165},"35":{"loc":{"start":{"line":170,"column":4},"end":{"line":170,"column":null}},"type":"if","locations":[{"start":{"line":170,"column":4},"end":{"line":170,"column":null}},{"start":{},"end":{}}],"line":170},"36":{"loc":{"start":{"line":172,"column":6},"end":{"line":173,"column":null}},"type":"if","locations":[{"start":{"line":172,"column":6},"end":{"line":173,"column":null}},{"start":{"line":173,"column":11},"end":{"line":173,"column":null}}],"line":172},"37":{"loc":{"start":{"line":173,"column":11},"end":{"line":173,"column":null}},"type":"if","locations":[{"start":{"line":173,"column":11},"end":{"line":173,"column":null}},{"start":{},"end":{}}],"line":173},"38":{"loc":{"start":{"line":173,"column":15},"end":{"line":173,"column":73}},"type":"binary-expr","locations":[{"start":{"line":173,"column":15},"end":{"line":173,"column":44}},{"start":{"line":173,"column":44},"end":{"line":173,"column":73}}],"line":173},"39":{"loc":{"start":{"line":177,"column":9},"end":{"line":177,"column":null}},"type":"cond-expr","locations":[{"start":{"line":177,"column":16},"end":{"line":177,"column":69}},{"start":{"line":177,"column":69},"end":{"line":177,"column":null}}],"line":177}},"s":{"0":2,"1":69,"2":155,"3":648,"4":136,"5":155,"6":155,"7":155,"8":4,"9":4,"10":151,"11":6,"12":6,"13":145,"14":3,"15":3,"16":142,"17":6,"18":6,"19":136,"20":136,"21":155,"22":155,"23":3,"24":155,"25":207,"26":663,"27":207,"28":207,"29":93,"30":114,"31":114,"32":114,"33":114,"34":114,"35":536,"36":536,"37":536,"38":114,"39":114,"40":227,"41":207,"42":19,"43":95,"44":12,"45":83,"46":11,"47":72,"48":32,"49":40,"50":11,"51":29,"52":26,"53":3,"54":170,"55":170,"56":170,"57":342,"58":170,"59":170,"60":170,"61":27,"62":10,"63":17,"64":5,"65":12,"66":6,"67":170,"68":170,"69":170,"70":850,"71":326,"72":524,"73":131,"74":11,"75":120,"76":44,"77":170},"f":{"0":69,"1":155,"2":648,"3":136,"4":207,"5":663,"6":227,"7":170,"8":342},"b":{"0":[66,3],"1":[4,151],"2":[155,38],"3":[6,145],"4":[151,6],"5":[3,142],"6":[6,136],"7":[142,6],"8":[89,66],"9":[3,152],"10":[93,114],"11":[237,299],"12":[536,422],"13":[114,86],"14":[227,141],"15":[19,188],"16":[207,86],"17":[3,16],"18":[19,5],"19":[12,83],"20":[11,72],"21":[2,9],"22":[11,3],"23":[32,40],"24":[11,29],"25":[26,3],"26":[85,85],"27":[85,85],"28":[170,85],"29":[170,85],"30":[10,17],"31":[5,12],"32":[6,6],"33":[12,7],"34":[85,85],"35":[326,524],"36":[11,120],"37":[44,76],"38":[120,119],"39":[85,85]},"meta":{"lastBranch":40,"lastFunction":9,"lastStatement":78,"seen":{"s:43:6:43:Infinity":0,"f:43:6:43:18":0,"s:43:37:43:Infinity":1,"b:43:49:43:55:43:55:43:Infinity":0,"f:56:16:56:28":1,"s:57:8:57:Infinity":2,"f:57:8:57:18":2,"s:57:43:57:Infinity":3,"f:57:56:57:62":3,"s:57:68:57:83":4,"s:62:21:62:Infinity":5,"s:63:17:63:Infinity":6,"b:64:2:79:Infinity:67:9:79:Infinity":1,"s:64:2:79:Infinity":7,"b:64:6:64:19:64:19:64:39":2,"s:65:4:65:Infinity":8,"s:66:4:66:Infinity":9,"b:67:9:79:Infinity:70:9:79:Infinity":3,"s:67:9:79:Infinity":10,"b:67:13:67:27:67:27:67:61":4,"s:68:4:68:Infinity":11,"s:69:4:69:Infinity":12,"b:70:9:79:Infinity:73:9:79:Infinity":5,"s:70:9:79:Infinity":13,"s:71:4:71:Infinity":14,"s:72:4:72:Infinity":15,"b:73:9:79:Infinity:76:9:79:Infinity":6,"s:73:9:79:Infinity":16,"b:73:13:73:23:73:23:73:49":7,"s:74:4:74:Infinity":17,"s:75:4:75:Infinity":18,"s:77:4:77:Infinity":19,"s:78:4:78:Infinity":20,"s:82:13:82:Infinity":21,"b:82:30:82:39:82:39:82:Infinity":8,"b:85:2:85:Infinity:undefined:undefined:undefined:undefined":9,"s:85:2:85:Infinity":22,"s:85:25:85:Infinity":23,"s:86:2:86:Infinity":24,"f:100:16:100:26":4,"s:101:16:101:Infinity":25,"f:101:38:101:43":5,"s:101:49:101:55":26,"s:102:12:102:Infinity":27,"b:103:2:103:Infinity:undefined:undefined:undefined:undefined":10,"s:103:2:103:Infinity":28,"s:103:14:103:Infinity":29,"s:106:39:106:Infinity":30,"s:107:15:107:Infinity":31,"s:108:12:108:Infinity":32,"s:109:2:113:Infinity":33,"s:109:15:109:18":34,"s:110:4:110:Infinity":35,"s:111:4:111:Infinity":36,"b:111:47:111:57:111:57:111:Infinity":11,"b:111:10:111:19:111:19:111:47":12,"s:112:4:112:Infinity":37,"s:114:19:114:Infinity":38,"s:115:24:115:Infinity":39,"b:115:24:115:35:115:35:115:Infinity":13,"f:115:41:115:48":6,"s:115:57:115:86":40,"b:115:57:115:68:115:68:115:86":14,"b:118:2:120:Infinity:undefined:undefined:undefined:undefined":15,"s:118:2:120:Infinity":41,"b:118:6:118:17:118:17:118:33":16,"s:119:4:119:Infinity":42,"b:119:54:119:73:119:73:119:Infinity":17,"b:119:11:119:24:119:24:119:54":18,"b:122:2:122:Infinity:undefined:undefined:undefined:undefined":19,"s:122:2:122:Infinity":43,"s:122:19:122:Infinity":44,"b:124:2:126:Infinity:undefined:undefined:undefined:undefined":20,"s:124:2:126:Infinity":45,"s:125:4:125:Infinity":46,"b:125:57:125:64:125:64:125:Infinity":21,"b:125:11:125:24:125:24:125:57":22,"b:128:2:128:Infinity:undefined:undefined:undefined:undefined":23,"s:128:2:128:Infinity":47,"s:128:21:128:Infinity":48,"b:130:2:130:Infinity:undefined:undefined:undefined:undefined":24,"s:130:2:130:Infinity":49,"s:130:19:130:Infinity":50,"b:132:2:132:Infinity:undefined:undefined:undefined:undefined":25,"s:132:2:132:Infinity":51,"s:132:22:132:Infinity":52,"s:133:2:133:Infinity":53,"f:147:16:147:26":7,"s:149:18:149:Infinity":54,"s:150:15:150:Infinity":55,"b:150:30:150:46:150:46:150:Infinity":26,"s:153:15:153:Infinity":56,"b:153:22:153:57:153:57:153:Infinity":27,"f:153:28:153:34":8,"s:153:40:153:53":57,"s:154:14:154:Infinity":58,"b:154:14:154:29:154:29:154:Infinity":28,"s:155:13:155:Infinity":59,"b:155:13:155:27:155:27:155:Infinity":29,"s:158:2:162:Infinity":60,"b:159:4:161:Infinity:160:9:161:Infinity":30,"s:159:4:161:Infinity":61,"s:159:31:159:Infinity":62,"b:160:9:161:Infinity:161:9:161:Infinity":31,"s:160:9:161:Infinity":63,"s:160:35:160:Infinity":64,"b:161:9:161:Infinity:undefined:undefined:undefined:undefined":32,"s:161:9:161:Infinity":65,"b:161:13:161:41:161:41:161:61":33,"s:161:61:161:Infinity":66,"s:165:16:165:Infinity":67,"b:165:23:165:38:165:38:165:Infinity":34,"s:168:13:168:Infinity":68,"s:169:2:175:Infinity":69,"b:170:4:170:Infinity:undefined:undefined:undefined:undefined":35,"s:170:4:170:Infinity":70,"s:170:25:170:Infinity":71,"s:171:4:174:Infinity":72,"b:172:6:173:Infinity:173:11:173:Infinity":36,"s:172:6:173:Infinity":73,"s:172:33:172:Infinity":74,"b:173:11:173:Infinity:undefined:undefined:undefined:undefined":37,"s:173:11:173:Infinity":75,"b:173:15:173:44:173:44:173:73":38,"s:173:73:173:Infinity":76,"s:177:2:177:Infinity":77,"b:177:16:177:69:177:69:177:Infinity":39},"fnNames":{}}}
,"P:\\SCH.DEV\\src\\state\\runStore.ts": {"path":"P:\\SCH.DEV\\src\\state\\runStore.ts","statementMap":{"0":{"start":{"line":51,"column":24},"end":{"line":51,"column":null}},"1":{"start":{"line":100,"column":17},"end":{"line":100,"column":null}},"2":{"start":{"line":101,"column":21},"end":{"line":101,"column":null}},"3":{"start":{"line":111,"column":28},"end":{"line":116,"column":null}},"4":{"start":{"line":112,"column":28},"end":{"line":112,"column":50}},"5":{"start":{"line":113,"column":25},"end":{"line":113,"column":null}},"6":{"start":{"line":115,"column":43},"end":{"line":115,"column":78}},"7":{"start":{"line":117,"column":2},"end":{"line":117,"column":null}},"8":{"start":{"line":117,"column":32},"end":{"line":117,"column":null}},"9":{"start":{"line":118,"column":2},"end":{"line":121,"column":null}},"10":{"start":{"line":118,"column":15},"end":{"line":118,"column":32}},"11":{"start":{"line":119,"column":14},"end":{"line":119,"column":null}},"12":{"start":{"line":120,"column":5},"end":{"line":120,"column":null}},"13":{"start":{"line":122,"column":2},"end":{"line":122,"column":null}},"14":{"start":{"line":127,"column":2},"end":{"line":127,"column":null}},"15":{"start":{"line":127,"column":25},"end":{"line":127,"column":null}},"16":{"start":{"line":128,"column":2},"end":{"line":128,"column":null}},"17":{"start":{"line":128,"column":54},"end":{"line":128,"column":null}},"18":{"start":{"line":129,"column":2},"end":{"line":129,"column":null}},"19":{"start":{"line":129,"column":48},"end":{"line":129,"column":null}},"20":{"start":{"line":130,"column":2},"end":{"line":130,"column":null}},"21":{"start":{"line":135,"column":2},"end":{"line":135,"column":null}},"22":{"start":{"line":135,"column":72},"end":{"line":135,"column":76}},"23":{"start":{"line":141,"column":2},"end":{"line":153,"column":null}},"24":{"start":{"line":144,"column":6},"end":{"line":144,"column":null}},"25":{"start":{"line":146,"column":6},"end":{"line":146,"column":null}},"26":{"start":{"line":148,"column":6},"end":{"line":148,"column":null}},"27":{"start":{"line":150,"column":6},"end":{"line":150,"column":null}},"28":{"start":{"line":152,"column":6},"end":{"line":152,"column":null}},"29":{"start":{"line":159,"column":16},"end":{"line":159,"column":null}},"30":{"start":{"line":161,"column":18},"end":{"line":161,"column":null}},"31":{"start":{"line":162,"column":17},"end":{"line":162,"column":null}},"32":{"start":{"line":163,"column":2},"end":{"line":180,"column":null}},"33":{"start":{"line":165,"column":4},"end":{"line":166,"column":null}},"34":{"start":{"line":167,"column":4},"end":{"line":176,"column":null}},"35":{"start":{"line":168,"column":6},"end":{"line":168,"column":null}},"36":{"start":{"line":169,"column":6},"end":{"line":169,"column":null}},"37":{"start":{"line":171,"column":6},"end":{"line":171,"column":null}},"38":{"start":{"line":172,"column":6},"end":{"line":175,"column":null}},"39":{"start":{"line":178,"column":4},"end":{"line":178,"column":null}},"40":{"start":{"line":179,"column":4},"end":{"line":179,"column":null}},"41":{"start":{"line":184,"column":12},"end":{"line":184,"column":null}},"42":{"start":{"line":185,"column":2},"end":{"line":525,"column":null}},"43":{"start":{"line":186,"column":25},"end":{"line":524,"column":6}},"44":{"start":{"line":208,"column":21},"end":{"line":208,"column":45}},"45":{"start":{"line":209,"column":8},"end":{"line":209,"column":null}},"46":{"start":{"line":210,"column":8},"end":{"line":229,"column":null}},"47":{"start":{"line":211,"column":10},"end":{"line":211,"column":null}},"48":{"start":{"line":212,"column":10},"end":{"line":212,"column":null}},"49":{"start":{"line":213,"column":10},"end":{"line":213,"column":null}},"50":{"start":{"line":214,"column":10},"end":{"line":214,"column":null}},"51":{"start":{"line":215,"column":10},"end":{"line":215,"column":null}},"52":{"start":{"line":216,"column":10},"end":{"line":216,"column":null}},"53":{"start":{"line":217,"column":10},"end":{"line":217,"column":null}},"54":{"start":{"line":218,"column":10},"end":{"line":218,"column":null}},"55":{"start":{"line":219,"column":10},"end":{"line":219,"column":null}},"56":{"start":{"line":220,"column":10},"end":{"line":220,"column":null}},"57":{"start":{"line":221,"column":10},"end":{"line":221,"column":null}},"58":{"start":{"line":222,"column":10},"end":{"line":222,"column":null}},"59":{"start":{"line":223,"column":10},"end":{"line":223,"column":null}},"60":{"start":{"line":224,"column":10},"end":{"line":224,"column":null}},"61":{"start":{"line":225,"column":10},"end":{"line":225,"column":null}},"62":{"start":{"line":226,"column":10},"end":{"line":226,"column":null}},"63":{"start":{"line":227,"column":10},"end":{"line":227,"column":null}},"64":{"start":{"line":228,"column":10},"end":{"line":228,"column":null}},"65":{"start":{"line":233,"column":8},"end":{"line":250,"column":null}},"66":{"start":{"line":234,"column":10},"end":{"line":234,"column":null}},"67":{"start":{"line":234,"column":61},"end":{"line":234,"column":null}},"68":{"start":{"line":235,"column":10},"end":{"line":241,"column":null}},"69":{"start":{"line":235,"column":23},"end":{"line":235,"column":26}},"70":{"start":{"line":236,"column":12},"end":{"line":236,"column":null}},"71":{"start":{"line":236,"column":45},"end":{"line":236,"column":null}},"72":{"start":{"line":237,"column":22},"end":{"line":237,"column":null}},"73":{"start":{"line":238,"column":12},"end":{"line":238,"column":null}},"74":{"start":{"line":238,"column":25},"end":{"line":238,"column":null}},"75":{"start":{"line":239,"column":12},"end":{"line":239,"column":null}},"76":{"start":{"line":240,"column":12},"end":{"line":240,"column":null}},"77":{"start":{"line":242,"column":10},"end":{"line":248,"column":null}},"78":{"start":{"line":245,"column":12},"end":{"line":245,"column":null}},"79":{"start":{"line":246,"column":12},"end":{"line":246,"column":null}},"80":{"start":{"line":246,"column":35},"end":{"line":246,"column":null}},"81":{"start":{"line":247,"column":12},"end":{"line":247,"column":null}},"82":{"start":{"line":249,"column":10},"end":{"line":249,"column":null}},"83":{"start":{"line":253,"column":8},"end":{"line":261,"column":null}},"84":{"start":{"line":254,"column":10},"end":{"line":254,"column":null}},"85":{"start":{"line":254,"column":61},"end":{"line":254,"column":null}},"86":{"start":{"line":255,"column":23},"end":{"line":255,"column":null}},"87":{"start":{"line":256,"column":10},"end":{"line":256,"column":null}},"88":{"start":{"line":256,"column":47},"end":{"line":256,"column":null}},"89":{"start":{"line":257,"column":25},"end":{"line":257,"column":null}},"90":{"start":{"line":257,"column":50},"end":{"line":257,"column":68}},"91":{"start":{"line":258,"column":10},"end":{"line":258,"column":null}},"92":{"start":{"line":258,"column":29},"end":{"line":258,"column":null}},"93":{"start":{"line":259,"column":10},"end":{"line":259,"column":null}},"94":{"start":{"line":260,"column":10},"end":{"line":260,"column":null}},"95":{"start":{"line":264,"column":8},"end":{"line":272,"column":null}},"96":{"start":{"line":265,"column":10},"end":{"line":265,"column":null}},"97":{"start":{"line":265,"column":61},"end":{"line":265,"column":null}},"98":{"start":{"line":266,"column":23},"end":{"line":266,"column":null}},"99":{"start":{"line":267,"column":10},"end":{"line":267,"column":null}},"100":{"start":{"line":267,"column":47},"end":{"line":267,"column":null}},"101":{"start":{"line":268,"column":25},"end":{"line":268,"column":null}},"102":{"start":{"line":268,"column":50},"end":{"line":268,"column":68}},"103":{"start":{"line":269,"column":10},"end":{"line":269,"column":null}},"104":{"start":{"line":269,"column":29},"end":{"line":269,"column":null}},"105":{"start":{"line":270,"column":10},"end":{"line":270,"column":null}},"106":{"start":{"line":271,"column":10},"end":{"line":271,"column":null}},"107":{"start":{"line":275,"column":8},"end":{"line":299,"column":null}},"108":{"start":{"line":276,"column":10},"end":{"line":276,"column":null}},"109":{"start":{"line":276,"column":61},"end":{"line":276,"column":null}},"110":{"start":{"line":277,"column":23},"end":{"line":277,"column":null}},"111":{"start":{"line":278,"column":10},"end":{"line":278,"column":null}},"112":{"start":{"line":278,"column":47},"end":{"line":278,"column":null}},"113":{"start":{"line":279,"column":23},"end":{"line":279,"column":null}},"114":{"start":{"line":280,"column":10},"end":{"line":280,"column":null}},"115":{"start":{"line":281,"column":10},"end":{"line":281,"column":null}},"116":{"start":{"line":283,"column":23},"end":{"line":283,"column":null}},"117":{"start":{"line":283,"column":48},"end":{"line":283,"column":65}},"118":{"start":{"line":284,"column":10},"end":{"line":298,"column":null}},"119":{"start":{"line":285,"column":26},"end":{"line":288,"column":null}},"120":{"start":{"line":287,"column":39},"end":{"line":287,"column":40}},"121":{"start":{"line":287,"column":56},"end":{"line":287,"column":102}},"122":{"start":{"line":289,"column":20},"end":{"line":289,"column":null}},"123":{"start":{"line":290,"column":12},"end":{"line":297,"column":null}},"124":{"start":{"line":291,"column":14},"end":{"line":291,"column":null}},"125":{"start":{"line":291,"column":26},"end":{"line":291,"column":null}},"126":{"start":{"line":292,"column":24},"end":{"line":292,"column":null}},"127":{"start":{"line":293,"column":14},"end":{"line":293,"column":null}},"128":{"start":{"line":293,"column":27},"end":{"line":293,"column":null}},"129":{"start":{"line":294,"column":14},"end":{"line":294,"column":null}},"130":{"start":{"line":295,"column":14},"end":{"line":295,"column":null}},"131":{"start":{"line":296,"column":14},"end":{"line":296,"column":null}},"132":{"start":{"line":302,"column":19},"end":{"line":302,"column":null}},"133":{"start":{"line":303,"column":8},"end":{"line":303,"column":null}},"134":{"start":{"line":303,"column":59},"end":{"line":303,"column":null}},"135":{"start":{"line":304,"column":8},"end":{"line":304,"column":null}},"136":{"start":{"line":304,"column":37},"end":{"line":304,"column":null}},"137":{"start":{"line":306,"column":8},"end":{"line":308,"column":null}},"138":{"start":{"line":307,"column":10},"end":{"line":307,"column":null}},"139":{"start":{"line":311,"column":8},"end":{"line":320,"column":null}},"140":{"start":{"line":312,"column":10},"end":{"line":317,"column":null}},"141":{"start":{"line":313,"column":12},"end":{"line":313,"column":null}},"142":{"start":{"line":313,"column":40},"end":{"line":313,"column":null}},"143":{"start":{"line":314,"column":25},"end":{"line":314,"column":null}},"144":{"start":{"line":315,"column":39},"end":{"line":315,"column":null}},"145":{"start":{"line":316,"column":12},"end":{"line":316,"column":null}},"146":{"start":{"line":318,"column":10},"end":{"line":318,"column":null}},"147":{"start":{"line":319,"column":10},"end":{"line":319,"column":null}},"148":{"start":{"line":324,"column":8},"end":{"line":334,"column":null}},"149":{"start":{"line":325,"column":10},"end":{"line":325,"column":null}},"150":{"start":{"line":325,"column":61},"end":{"line":325,"column":null}},"151":{"start":{"line":326,"column":23},"end":{"line":326,"column":null}},"152":{"start":{"line":327,"column":10},"end":{"line":327,"column":null}},"153":{"start":{"line":327,"column":64},"end":{"line":327,"column":null}},"154":{"start":{"line":328,"column":10},"end":{"line":328,"column":null}},"155":{"start":{"line":328,"column":45},"end":{"line":328,"column":62}},"156":{"start":{"line":328,"column":65},"end":{"line":328,"column":null}},"157":{"start":{"line":329,"column":23},"end":{"line":329,"column":null}},"158":{"start":{"line":330,"column":37},"end":{"line":330,"column":null}},"159":{"start":{"line":331,"column":10},"end":{"line":331,"column":null}},"160":{"start":{"line":332,"column":10},"end":{"line":332,"column":null}},"161":{"start":{"line":333,"column":10},"end":{"line":333,"column":null}},"162":{"start":{"line":337,"column":19},"end":{"line":337,"column":null}},"163":{"start":{"line":338,"column":8},"end":{"line":338,"column":null}},"164":{"start":{"line":338,"column":59},"end":{"line":338,"column":null}},"165":{"start":{"line":340,"column":8},"end":{"line":342,"column":null}},"166":{"start":{"line":341,"column":10},"end":{"line":341,"column":null}},"167":{"start":{"line":344,"column":8},"end":{"line":362,"column":null}},"168":{"start":{"line":345,"column":24},"end":{"line":345,"column":null}},"169":{"start":{"line":346,"column":43},"end":{"line":346,"column":null}},"170":{"start":{"line":347,"column":25},"end":{"line":347,"column":null}},"171":{"start":{"line":349,"column":10},"end":{"line":349,"column":null}},"172":{"start":{"line":350,"column":10},"end":{"line":352,"column":null}},"173":{"start":{"line":351,"column":12},"end":{"line":351,"column":null}},"174":{"start":{"line":351,"column":40},"end":{"line":351,"column":null}},"175":{"start":{"line":353,"column":10},"end":{"line":353,"column":null}},"176":{"start":{"line":354,"column":10},"end":{"line":354,"column":null}},"177":{"start":{"line":355,"column":10},"end":{"line":355,"column":null}},"178":{"start":{"line":356,"column":10},"end":{"line":356,"column":null}},"179":{"start":{"line":357,"column":10},"end":{"line":357,"column":null}},"180":{"start":{"line":358,"column":10},"end":{"line":358,"column":null}},"181":{"start":{"line":359,"column":10},"end":{"line":359,"column":null}},"182":{"start":{"line":360,"column":10},"end":{"line":360,"column":null}},"183":{"start":{"line":361,"column":10},"end":{"line":361,"column":null}},"184":{"start":{"line":361,"column":32},"end":{"line":361,"column":null}},"185":{"start":{"line":366,"column":8},"end":{"line":378,"column":null}},"186":{"start":{"line":367,"column":10},"end":{"line":367,"column":null}},"187":{"start":{"line":367,"column":35},"end":{"line":367,"column":null}},"188":{"start":{"line":368,"column":10},"end":{"line":368,"column":null}},"189":{"start":{"line":368,"column":31},"end":{"line":368,"column":null}},"190":{"start":{"line":369,"column":29},"end":{"line":369,"column":null}},"191":{"start":{"line":370,"column":23},"end":{"line":370,"column":null}},"192":{"start":{"line":370,"column":46},"end":{"line":370,"column":61}},"193":{"start":{"line":371,"column":21},"end":{"line":371,"column":null}},"194":{"start":{"line":371,"column":44},"end":{"line":371,"column":57}},"195":{"start":{"line":372,"column":10},"end":{"line":372,"column":null}},"196":{"start":{"line":372,"column":28},"end":{"line":372,"column":null}},"197":{"start":{"line":375,"column":10},"end":{"line":375,"column":null}},"198":{"start":{"line":376,"column":10},"end":{"line":376,"column":null}},"199":{"start":{"line":376,"column":60},"end":{"line":376,"column":75}},"200":{"start":{"line":377,"column":10},"end":{"line":377,"column":null}},"201":{"start":{"line":377,"column":66},"end":{"line":377,"column":81}},"202":{"start":{"line":381,"column":8},"end":{"line":389,"column":null}},"203":{"start":{"line":382,"column":10},"end":{"line":382,"column":null}},"204":{"start":{"line":382,"column":57},"end":{"line":382,"column":null}},"205":{"start":{"line":383,"column":10},"end":{"line":384,"column":null}},"206":{"start":{"line":384,"column":12},"end":{"line":384,"column":null}},"207":{"start":{"line":385,"column":25},"end":{"line":385,"column":null}},"208":{"start":{"line":386,"column":26},"end":{"line":386,"column":null}},"209":{"start":{"line":387,"column":10},"end":{"line":387,"column":null}},"210":{"start":{"line":388,"column":10},"end":{"line":388,"column":null}},"211":{"start":{"line":392,"column":8},"end":{"line":397,"column":null}},"212":{"start":{"line":393,"column":10},"end":{"line":393,"column":null}},"213":{"start":{"line":393,"column":57},"end":{"line":393,"column":null}},"214":{"start":{"line":394,"column":10},"end":{"line":394,"column":null}},"215":{"start":{"line":395,"column":10},"end":{"line":395,"column":null}},"216":{"start":{"line":396,"column":10},"end":{"line":396,"column":null}},"217":{"start":{"line":400,"column":8},"end":{"line":426,"column":null}},"218":{"start":{"line":401,"column":10},"end":{"line":401,"column":null}},"219":{"start":{"line":401,"column":35},"end":{"line":401,"column":null}},"220":{"start":{"line":403,"column":12},"end":{"line":407,"column":null}},"221":{"start":{"line":404,"column":35},"end":{"line":404,"column":55}},"222":{"start":{"line":406,"column":43},"end":{"line":406,"column":68}},"223":{"start":{"line":408,"column":10},"end":{"line":408,"column":null}},"224":{"start":{"line":408,"column":54},"end":{"line":408,"column":null}},"225":{"start":{"line":409,"column":10},"end":{"line":409,"column":null}},"226":{"start":{"line":409,"column":73},"end":{"line":409,"column":null}},"227":{"start":{"line":410,"column":10},"end":{"line":410,"column":null}},"228":{"start":{"line":410,"column":73},"end":{"line":410,"column":null}},"229":{"start":{"line":411,"column":10},"end":{"line":411,"column":null}},"230":{"start":{"line":412,"column":10},"end":{"line":423,"column":null}},"231":{"start":{"line":413,"column":12},"end":{"line":413,"column":null}},"232":{"start":{"line":414,"column":17},"end":{"line":423,"column":null}},"233":{"start":{"line":417,"column":31},"end":{"line":417,"column":null}},"234":{"start":{"line":418,"column":12},"end":{"line":418,"column":null}},"235":{"start":{"line":419,"column":12},"end":{"line":419,"column":null}},"236":{"start":{"line":422,"column":12},"end":{"line":422,"column":null}},"237":{"start":{"line":425,"column":10},"end":{"line":425,"column":null}},"238":{"start":{"line":425,"column":56},"end":{"line":425,"column":76}},"239":{"start":{"line":429,"column":8},"end":{"line":438,"column":null}},"240":{"start":{"line":430,"column":10},"end":{"line":430,"column":null}},"241":{"start":{"line":430,"column":35},"end":{"line":430,"column":null}},"242":{"start":{"line":431,"column":10},"end":{"line":431,"column":null}},"243":{"start":{"line":431,"column":42},"end":{"line":431,"column":null}},"244":{"start":{"line":432,"column":25},"end":{"line":432,"column":null}},"245":{"start":{"line":432,"column":54},"end":{"line":432,"column":65}},"246":{"start":{"line":433,"column":28},"end":{"line":433,"column":null}},"247":{"start":{"line":433,"column":60},"end":{"line":433,"column":71}},"248":{"start":{"line":434,"column":10},"end":{"line":434,"column":null}},"249":{"start":{"line":434,"column":37},"end":{"line":434,"column":null}},"250":{"start":{"line":435,"column":10},"end":{"line":435,"column":null}},"251":{"start":{"line":435,"column":60},"end":{"line":435,"column":71}},"252":{"start":{"line":436,"column":10},"end":{"line":436,"column":null}},"253":{"start":{"line":436,"column":66},"end":{"line":436,"column":77}},"254":{"start":{"line":437,"column":10},"end":{"line":437,"column":null}},"255":{"start":{"line":441,"column":8},"end":{"line":458,"column":null}},"256":{"start":{"line":442,"column":10},"end":{"line":442,"column":null}},"257":{"start":{"line":442,"column":35},"end":{"line":442,"column":null}},"258":{"start":{"line":443,"column":10},"end":{"line":443,"column":null}},"259":{"start":{"line":444,"column":23},"end":{"line":444,"column":null}},"260":{"start":{"line":445,"column":10},"end":{"line":445,"column":null}},"261":{"start":{"line":447,"column":12},"end":{"line":447,"column":null}},"262":{"start":{"line":448,"column":10},"end":{"line":448,"column":null}},"263":{"start":{"line":449,"column":10},"end":{"line":449,"column":null}},"264":{"start":{"line":450,"column":10},"end":{"line":450,"column":null}},"265":{"start":{"line":451,"column":10},"end":{"line":451,"column":null}},"266":{"start":{"line":453,"column":10},"end":{"line":453,"column":null}},"267":{"start":{"line":454,"column":10},"end":{"line":454,"column":null}},"268":{"start":{"line":455,"column":10},"end":{"line":455,"column":null}},"269":{"start":{"line":456,"column":10},"end":{"line":456,"column":null}},"270":{"start":{"line":457,"column":10},"end":{"line":457,"column":null}},"271":{"start":{"line":461,"column":19},"end":{"line":461,"column":null}},"272":{"start":{"line":462,"column":8},"end":{"line":462,"column":null}},"273":{"start":{"line":462,"column":55},"end":{"line":462,"column":null}},"274":{"start":{"line":463,"column":8},"end":{"line":463,"column":null}},"275":{"start":{"line":467,"column":20},"end":{"line":467,"column":null}},"276":{"start":{"line":468,"column":8},"end":{"line":468,"column":null}},"277":{"start":{"line":468,"column":26},"end":{"line":468,"column":null}},"278":{"start":{"line":470,"column":8},"end":{"line":474,"column":null}},"279":{"start":{"line":471,"column":10},"end":{"line":471,"column":null}},"280":{"start":{"line":473,"column":10},"end":{"line":473,"column":null}},"281":{"start":{"line":476,"column":8},"end":{"line":476,"column":null}},"282":{"start":{"line":476,"column":73},"end":{"line":476,"column":null}},"283":{"start":{"line":477,"column":18},"end":{"line":477,"column":null}},"284":{"start":{"line":478,"column":8},"end":{"line":478,"column":null}},"285":{"start":{"line":478,"column":53},"end":{"line":478,"column":null}},"286":{"start":{"line":480,"column":8},"end":{"line":480,"column":null}},"287":{"start":{"line":481,"column":8},"end":{"line":517,"column":null}},"288":{"start":{"line":483,"column":10},"end":{"line":483,"column":null}},"289":{"start":{"line":484,"column":10},"end":{"line":484,"column":null}},"290":{"start":{"line":485,"column":10},"end":{"line":485,"column":null}},"291":{"start":{"line":486,"column":10},"end":{"line":486,"column":null}},"292":{"start":{"line":487,"column":10},"end":{"line":487,"column":null}},"293":{"start":{"line":488,"column":10},"end":{"line":488,"column":null}},"294":{"start":{"line":489,"column":10},"end":{"line":489,"column":null}},"295":{"start":{"line":490,"column":10},"end":{"line":490,"column":null}},"296":{"start":{"line":491,"column":10},"end":{"line":491,"column":null}},"297":{"start":{"line":493,"column":10},"end":{"line":493,"column":null}},"298":{"start":{"line":494,"column":10},"end":{"line":494,"column":null}},"299":{"start":{"line":495,"column":10},"end":{"line":495,"column":null}},"300":{"start":{"line":496,"column":10},"end":{"line":496,"column":null}},"301":{"start":{"line":497,"column":10},"end":{"line":497,"column":null}},"302":{"start":{"line":498,"column":10},"end":{"line":498,"column":null}},"303":{"start":{"line":499,"column":10},"end":{"line":515,"column":null}},"304":{"start":{"line":502,"column":26},"end":{"line":502,"column":null}},"305":{"start":{"line":504,"column":14},"end":{"line":504,"column":null}},"306":{"start":{"line":505,"column":12},"end":{"line":505,"column":null}},"307":{"start":{"line":506,"column":12},"end":{"line":506,"column":null}},"308":{"start":{"line":507,"column":12},"end":{"line":507,"column":null}},"309":{"start":{"line":511,"column":12},"end":{"line":514,"column":null}},"310":{"start":{"line":516,"column":10},"end":{"line":516,"column":null}},"311":{"start":{"line":521,"column":8},"end":{"line":523,"column":null}},"312":{"start":{"line":522,"column":10},"end":{"line":522,"column":null}},"313":{"start":{"line":529,"column":27},"end":{"line":529,"column":null}}},"fnMap":{"0":{"name":"generateOffers","decl":{"start":{"line":110,"column":9},"end":{"line":110,"column":24}},"loc":{"start":{"line":110,"column":93},"end":{"line":123,"column":null}},"line":110},"1":{"name":"(anonymous_1)","decl":{"start":{"line":112,"column":14},"end":{"line":112,"column":22}},"loc":{"start":{"line":112,"column":28},"end":{"line":112,"column":50}},"line":112},"2":{"name":"(anonymous_2)","decl":{"start":{"line":112,"column":52},"end":{"line":112,"column":null}},"loc":{"start":{"line":113,"column":25},"end":{"line":113,"column":null}},"line":113},"3":{"name":"(anonymous_3)","decl":{"start":{"line":115,"column":20},"end":{"line":115,"column":25}},"loc":{"start":{"line":115,"column":43},"end":{"line":115,"column":78}},"line":115},"4":{"name":"sameOffer","decl":{"start":{"line":126,"column":9},"end":{"line":126,"column":19}},"loc":{"start":{"line":126,"column":56},"end":{"line":131,"column":null}},"line":126},"5":{"name":"nextCoinId","decl":{"start":{"line":134,"column":9},"end":{"line":134,"column":20}},"loc":{"start":{"line":134,"column":52},"end":{"line":136,"column":null}},"line":134},"6":{"name":"(anonymous_6)","decl":{"start":{"line":135,"column":61},"end":{"line":135,"column":66}},"loc":{"start":{"line":135,"column":72},"end":{"line":135,"column":76}},"line":135},"7":{"name":"purchasedEffect","decl":{"start":{"line":140,"column":9},"end":{"line":140,"column":25}},"loc":{"start":{"line":140,"column":71},"end":{"line":154,"column":null}},"line":140},"8":{"name":"endBlind","decl":{"start":{"line":158,"column":9},"end":{"line":158,"column":18}},"loc":{"start":{"line":158,"column":57},"end":{"line":181,"column":null}},"line":158},"9":{"name":"createRunStore","decl":{"start":{"line":183,"column":16},"end":{"line":183,"column":33}},"loc":{"start":{"line":183,"column":33},"end":{"line":526,"column":null}},"line":183},"10":{"name":"(anonymous_10)","decl":{"start":{"line":186,"column":4},"end":{"line":186,"column":11}},"loc":{"start":{"line":186,"column":25},"end":{"line":524,"column":6}},"line":186},"11":{"name":"(anonymous_11)","decl":{"start":{"line":207,"column":6},"end":{"line":207,"column":17}},"loc":{"start":{"line":207,"column":29},"end":{"line":230,"column":null}},"line":207},"12":{"name":"(anonymous_12)","decl":{"start":{"line":210,"column":8},"end":{"line":210,"column":13}},"loc":{"start":{"line":210,"column":20},"end":{"line":229,"column":9}},"line":210},"13":{"name":"(anonymous_13)","decl":{"start":{"line":232,"column":6},"end":{"line":232,"column":null}},"loc":{"start":{"line":233,"column":8},"end":{"line":250,"column":null}},"line":233},"14":{"name":"(anonymous_14)","decl":{"start":{"line":233,"column":8},"end":{"line":233,"column":13}},"loc":{"start":{"line":233,"column":20},"end":{"line":250,"column":9}},"line":233},"15":{"name":"(anonymous_15)","decl":{"start":{"line":252,"column":6},"end":{"line":252,"column":17}},"loc":{"start":{"line":253,"column":8},"end":{"line":261,"column":null}},"line":253},"16":{"name":"(anonymous_16)","decl":{"start":{"line":253,"column":8},"end":{"line":253,"column":13}},"loc":{"start":{"line":253,"column":20},"end":{"line":261,"column":9}},"line":253},"17":{"name":"(anonymous_17)","decl":{"start":{"line":257,"column":33},"end":{"line":257,"column":44}},"loc":{"start":{"line":257,"column":50},"end":{"line":257,"column":68}},"line":257},"18":{"name":"(anonymous_18)","decl":{"start":{"line":263,"column":6},"end":{"line":263,"column":19}},"loc":{"start":{"line":264,"column":8},"end":{"line":272,"column":null}},"line":264},"19":{"name":"(anonymous_19)","decl":{"start":{"line":264,"column":8},"end":{"line":264,"column":13}},"loc":{"start":{"line":264,"column":20},"end":{"line":272,"column":9}},"line":264},"20":{"name":"(anonymous_20)","decl":{"start":{"line":268,"column":33},"end":{"line":268,"column":44}},"loc":{"start":{"line":268,"column":50},"end":{"line":268,"column":68}},"line":268},"21":{"name":"(anonymous_21)","decl":{"start":{"line":274,"column":6},"end":{"line":274,"column":16}},"loc":{"start":{"line":275,"column":8},"end":{"line":299,"column":null}},"line":275},"22":{"name":"(anonymous_22)","decl":{"start":{"line":275,"column":8},"end":{"line":275,"column":13}},"loc":{"start":{"line":275,"column":20},"end":{"line":299,"column":9}},"line":275},"23":{"name":"(anonymous_23)","decl":{"start":{"line":283,"column":36},"end":{"line":283,"column":42}},"loc":{"start":{"line":283,"column":48},"end":{"line":283,"column":65}},"line":283},"24":{"name":"(anonymous_24)","decl":{"start":{"line":287,"column":25},"end":{"line":287,"column":30}},"loc":{"start":{"line":287,"column":39},"end":{"line":287,"column":40}},"line":287},"25":{"name":"(anonymous_25)","decl":{"start":{"line":287,"column":42},"end":{"line":287,"column":50}},"loc":{"start":{"line":287,"column":56},"end":{"line":287,"column":102}},"line":287},"26":{"name":"(anonymous_26)","decl":{"start":{"line":301,"column":6},"end":{"line":301,"column":25}},"loc":{"start":{"line":301,"column":25},"end":{"line":321,"column":null}},"line":301},"27":{"name":"(anonymous_27)","decl":{"start":{"line":306,"column":8},"end":{"line":306,"column":13}},"loc":{"start":{"line":306,"column":19},"end":{"line":308,"column":9}},"line":306},"28":{"name":"(anonymous_28)","decl":{"start":{"line":311,"column":8},"end":{"line":311,"column":13}},"loc":{"start":{"line":311,"column":19},"end":{"line":320,"column":9}},"line":311},"29":{"name":"(anonymous_29)","decl":{"start":{"line":312,"column":17},"end":{"line":312,"column":26}},"loc":{"start":{"line":312,"column":38},"end":{"line":317,"column":11}},"line":312},"30":{"name":"(anonymous_30)","decl":{"start":{"line":323,"column":6},"end":{"line":323,"column":19}},"loc":{"start":{"line":324,"column":8},"end":{"line":334,"column":null}},"line":324},"31":{"name":"(anonymous_31)","decl":{"start":{"line":324,"column":8},"end":{"line":324,"column":13}},"loc":{"start":{"line":324,"column":20},"end":{"line":334,"column":9}},"line":324},"32":{"name":"(anonymous_32)","decl":{"start":{"line":328,"column":33},"end":{"line":328,"column":39}},"loc":{"start":{"line":328,"column":45},"end":{"line":328,"column":62}},"line":328},"33":{"name":"(anonymous_33)","decl":{"start":{"line":336,"column":6},"end":{"line":336,"column":19}},"loc":{"start":{"line":336,"column":19},"end":{"line":363,"column":null}},"line":336},"34":{"name":"(anonymous_34)","decl":{"start":{"line":340,"column":8},"end":{"line":340,"column":13}},"loc":{"start":{"line":340,"column":19},"end":{"line":342,"column":9}},"line":340},"35":{"name":"(anonymous_35)","decl":{"start":{"line":344,"column":8},"end":{"line":344,"column":13}},"loc":{"start":{"line":344,"column":19},"end":{"line":362,"column":9}},"line":344},"36":{"name":"(anonymous_36)","decl":{"start":{"line":350,"column":17},"end":{"line":350,"column":26}},"loc":{"start":{"line":350,"column":35},"end":{"line":352,"column":11}},"line":350},"37":{"name":"(anonymous_37)","decl":{"start":{"line":365,"column":6},"end":{"line":365,"column":18}},"loc":{"start":{"line":366,"column":8},"end":{"line":378,"column":null}},"line":366},"38":{"name":"(anonymous_38)","decl":{"start":{"line":366,"column":8},"end":{"line":366,"column":13}},"loc":{"start":{"line":366,"column":20},"end":{"line":378,"column":9}},"line":366},"39":{"name":"(anonymous_39)","decl":{"start":{"line":370,"column":34},"end":{"line":370,"column":40}},"loc":{"start":{"line":370,"column":46},"end":{"line":370,"column":61}},"line":370},"40":{"name":"(anonymous_40)","decl":{"start":{"line":371,"column":32},"end":{"line":371,"column":38}},"loc":{"start":{"line":371,"column":44},"end":{"line":371,"column":57}},"line":371},"41":{"name":"(anonymous_41)","decl":{"start":{"line":376,"column":46},"end":{"line":376,"column":54}},"loc":{"start":{"line":376,"column":60},"end":{"line":376,"column":75}},"line":376},"42":{"name":"(anonymous_42)","decl":{"start":{"line":377,"column":52},"end":{"line":377,"column":60}},"loc":{"start":{"line":377,"column":66},"end":{"line":377,"column":81}},"line":377},"43":{"name":"(anonymous_43)","decl":{"start":{"line":380,"column":6},"end":{"line":380,"column":18}},"loc":{"start":{"line":381,"column":8},"end":{"line":389,"column":null}},"line":381},"44":{"name":"(anonymous_44)","decl":{"start":{"line":381,"column":8},"end":{"line":381,"column":13}},"loc":{"start":{"line":381,"column":20},"end":{"line":389,"column":9}},"line":381},"45":{"name":"(anonymous_45)","decl":{"start":{"line":391,"column":6},"end":{"line":391,"column":null}},"loc":{"start":{"line":392,"column":8},"end":{"line":397,"column":null}},"line":392},"46":{"name":"(anonymous_46)","decl":{"start":{"line":392,"column":8},"end":{"line":392,"column":13}},"loc":{"start":{"line":392,"column":20},"end":{"line":397,"column":9}},"line":392},"47":{"name":"(anonymous_47)","decl":{"start":{"line":399,"column":6},"end":{"line":399,"column":12}},"loc":{"start":{"line":400,"column":8},"end":{"line":426,"column":null}},"line":400},"48":{"name":"(anonymous_48)","decl":{"start":{"line":400,"column":8},"end":{"line":400,"column":13}},"loc":{"start":{"line":400,"column":20},"end":{"line":426,"column":9}},"line":400},"49":{"name":"(anonymous_49)","decl":{"start":{"line":404,"column":23},"end":{"line":404,"column":29}},"loc":{"start":{"line":404,"column":35},"end":{"line":404,"column":55}},"line":404},"50":{"name":"(anonymous_50)","decl":{"start":{"line":406,"column":31},"end":{"line":406,"column":37}},"loc":{"start":{"line":406,"column":43},"end":{"line":406,"column":68}},"line":406},"51":{"name":"(anonymous_51)","decl":{"start":{"line":425,"column":42},"end":{"line":425,"column":50}},"loc":{"start":{"line":425,"column":56},"end":{"line":425,"column":76}},"line":425},"52":{"name":"(anonymous_52)","decl":{"start":{"line":428,"column":6},"end":{"line":428,"column":19}},"loc":{"start":{"line":429,"column":8},"end":{"line":438,"column":null}},"line":429},"53":{"name":"(anonymous_53)","decl":{"start":{"line":429,"column":8},"end":{"line":429,"column":13}},"loc":{"start":{"line":429,"column":20},"end":{"line":438,"column":9}},"line":429},"54":{"name":"(anonymous_54)","decl":{"start":{"line":432,"column":42},"end":{"line":432,"column":48}},"loc":{"start":{"line":432,"column":54},"end":{"line":432,"column":65}},"line":432},"55":{"name":"(anonymous_55)","decl":{"start":{"line":433,"column":48},"end":{"line":433,"column":54}},"loc":{"start":{"line":433,"column":60},"end":{"line":433,"column":71}},"line":433},"56":{"name":"(anonymous_56)","decl":{"start":{"line":435,"column":46},"end":{"line":435,"column":54}},"loc":{"start":{"line":435,"column":60},"end":{"line":435,"column":71}},"line":435},"57":{"name":"(anonymous_57)","decl":{"start":{"line":436,"column":52},"end":{"line":436,"column":60}},"loc":{"start":{"line":436,"column":66},"end":{"line":436,"column":77}},"line":436},"58":{"name":"(anonymous_58)","decl":{"start":{"line":440,"column":6},"end":{"line":440,"column":null}},"loc":{"start":{"line":441,"column":8},"end":{"line":458,"column":null}},"line":441},"59":{"name":"(anonymous_59)","decl":{"start":{"line":441,"column":8},"end":{"line":441,"column":13}},"loc":{"start":{"line":441,"column":20},"end":{"line":458,"column":9}},"line":441},"60":{"name":"(anonymous_60)","decl":{"start":{"line":460,"column":6},"end":{"line":460,"column":18}},"loc":{"start":{"line":460,"column":18},"end":{"line":464,"column":null}},"line":460},"61":{"name":"(anonymous_61)","decl":{"start":{"line":466,"column":6},"end":{"line":466,"column":20}},"loc":{"start":{"line":466,"column":20},"end":{"line":518,"column":null}},"line":466},"62":{"name":"(anonymous_62)","decl":{"start":{"line":481,"column":8},"end":{"line":481,"column":13}},"loc":{"start":{"line":481,"column":20},"end":{"line":517,"column":9}},"line":481},"63":{"name":"(anonymous_63)","decl":{"start":{"line":520,"column":6},"end":{"line":520,"column":null}},"loc":{"start":{"line":521,"column":8},"end":{"line":523,"column":null}},"line":521},"64":{"name":"(anonymous_64)","decl":{"start":{"line":521,"column":8},"end":{"line":521,"column":13}},"loc":{"start":{"line":521,"column":20},"end":{"line":523,"column":9}},"line":521}},"branchMap":{"0":{"loc":{"start":{"line":117,"column":2},"end":{"line":117,"column":null}},"type":"if","locations":[{"start":{"line":117,"column":2},"end":{"line":117,"column":null}},{"start":{},"end":{}}],"line":117},"1":{"loc":{"start":{"line":127,"column":2},"end":{"line":127,"column":null}},"type":"if","locations":[{"start":{"line":127,"column":2},"end":{"line":127,"column":null}},{"start":{},"end":{}}],"line":127},"2":{"loc":{"start":{"line":128,"column":2},"end":{"line":128,"column":null}},"type":"if","locations":[{"start":{"line":128,"column":2},"end":{"line":128,"column":null}},{"start":{},"end":{}}],"line":128},"3":{"loc":{"start":{"line":128,"column":6},"end":{"line":128,"column":54}},"type":"binary-expr","locations":[{"start":{"line":128,"column":6},"end":{"line":128,"column":31}},{"start":{"line":128,"column":31},"end":{"line":128,"column":54}}],"line":128},"4":{"loc":{"start":{"line":129,"column":2},"end":{"line":129,"column":null}},"type":"if","locations":[{"start":{"line":129,"column":2},"end":{"line":129,"column":null}},{"start":{},"end":{}}],"line":129},"5":{"loc":{"start":{"line":129,"column":6},"end":{"line":129,"column":48}},"type":"binary-expr","locations":[{"start":{"line":129,"column":6},"end":{"line":129,"column":28}},{"start":{"line":129,"column":28},"end":{"line":129,"column":48}}],"line":129},"6":{"loc":{"start":{"line":130,"column":9},"end":{"line":130,"column":null}},"type":"binary-expr","locations":[{"start":{"line":130,"column":9},"end":{"line":130,"column":30}},{"start":{"line":130,"column":30},"end":{"line":130,"column":51}},{"start":{"line":130,"column":51},"end":{"line":130,"column":null}}],"line":130},"7":{"loc":{"start":{"line":141,"column":2},"end":{"line":153,"column":null}},"type":"switch","locations":[{"start":{"line":142,"column":4},"end":{"line":142,"column":null}},{"start":{"line":143,"column":4},"end":{"line":144,"column":null}},{"start":{"line":145,"column":4},"end":{"line":146,"column":null}},{"start":{"line":147,"column":4},"end":{"line":148,"column":null}},{"start":{"line":149,"column":4},"end":{"line":150,"column":null}},{"start":{"line":151,"column":4},"end":{"line":152,"column":null}}],"line":141},"8":{"loc":{"start":{"line":144,"column":40},"end":{"line":144,"column":69}},"type":"cond-expr","locations":[{"start":{"line":144,"column":59},"end":{"line":144,"column":65}},{"start":{"line":144,"column":65},"end":{"line":144,"column":69}}],"line":144},"9":{"loc":{"start":{"line":161,"column":18},"end":{"line":161,"column":null}},"type":"binary-expr","locations":[{"start":{"line":161,"column":18},"end":{"line":161,"column":43}},{"start":{"line":161,"column":43},"end":{"line":161,"column":null}}],"line":161},"10":{"loc":{"start":{"line":162,"column":17},"end":{"line":162,"column":null}},"type":"cond-expr","locations":[{"start":{"line":162,"column":27},"end":{"line":162,"column":62}},{"start":{"line":162,"column":62},"end":{"line":162,"column":null}}],"line":162},"11":{"loc":{"start":{"line":163,"column":2},"end":{"line":180,"column":null}},"type":"if","locations":[{"start":{"line":163,"column":2},"end":{"line":180,"column":null}},{"start":{"line":177,"column":9},"end":{"line":180,"column":null}}],"line":163},"12":{"loc":{"start":{"line":166,"column":22},"end":{"line":166,"column":74}},"type":"cond-expr","locations":[{"start":{"line":166,"column":53},"end":{"line":166,"column":68}},{"start":{"line":166,"column":68},"end":{"line":166,"column":74}}],"line":166},"13":{"loc":{"start":{"line":166,"column":74},"end":{"line":166,"column":null}},"type":"cond-expr","locations":[{"start":{"line":166,"column":84},"end":{"line":166,"column":105}},{"start":{"line":166,"column":105},"end":{"line":166,"column":null}}],"line":166},"14":{"loc":{"start":{"line":167,"column":4},"end":{"line":176,"column":null}},"type":"if","locations":[{"start":{"line":167,"column":4},"end":{"line":176,"column":null}},{"start":{"line":170,"column":11},"end":{"line":176,"column":null}}],"line":167},"15":{"loc":{"start":{"line":208,"column":21},"end":{"line":208,"column":45}},"type":"binary-expr","locations":[{"start":{"line":208,"column":21},"end":{"line":208,"column":32}},{"start":{"line":208,"column":32},"end":{"line":208,"column":45}}],"line":208},"16":{"loc":{"start":{"line":234,"column":10},"end":{"line":234,"column":null}},"type":"if","locations":[{"start":{"line":234,"column":10},"end":{"line":234,"column":null}},{"start":{},"end":{}}],"line":234},"17":{"loc":{"start":{"line":234,"column":14},"end":{"line":234,"column":61}},"type":"binary-expr","locations":[{"start":{"line":234,"column":14},"end":{"line":234,"column":36}},{"start":{"line":234,"column":36},"end":{"line":234,"column":61}}],"line":234},"18":{"loc":{"start":{"line":236,"column":12},"end":{"line":236,"column":null}},"type":"if","locations":[{"start":{"line":236,"column":12},"end":{"line":236,"column":null}},{"start":{},"end":{}}],"line":236},"19":{"loc":{"start":{"line":238,"column":12},"end":{"line":238,"column":null}},"type":"if","locations":[{"start":{"line":238,"column":12},"end":{"line":238,"column":null}},{"start":{},"end":{}}],"line":238},"20":{"loc":{"start":{"line":242,"column":10},"end":{"line":248,"column":null}},"type":"if","locations":[{"start":{"line":242,"column":10},"end":{"line":248,"column":null}},{"start":{},"end":{}}],"line":242},"21":{"loc":{"start":{"line":246,"column":12},"end":{"line":246,"column":null}},"type":"if","locations":[{"start":{"line":246,"column":12},"end":{"line":246,"column":null}},{"start":{},"end":{}}],"line":246},"22":{"loc":{"start":{"line":254,"column":10},"end":{"line":254,"column":null}},"type":"if","locations":[{"start":{"line":254,"column":10},"end":{"line":254,"column":null}},{"start":{},"end":{}}],"line":254},"23":{"loc":{"start":{"line":254,"column":14},"end":{"line":254,"column":61}},"type":"binary-expr","locations":[{"start":{"line":254,"column":14},"end":{"line":254,"column":36}},{"start":{"line":254,"column":36},"end":{"line":254,"column":61}}],"line":254},"24":{"loc":{"start":{"line":256,"column":10},"end":{"line":256,"column":null}},"type":"if","locations":[{"start":{"line":256,"column":10},"end":{"line":256,"column":null}},{"start":{},"end":{}}],"line":256},"25":{"loc":{"start":{"line":256,"column":14},"end":{"line":256,"column":47}},"type":"binary-expr","locations":[{"start":{"line":256,"column":14},"end":{"line":256,"column":23}},{"start":{"line":256,"column":23},"end":{"line":256,"column":47}}],"line":256},"26":{"loc":{"start":{"line":258,"column":10},"end":{"line":258,"column":null}},"type":"if","locations":[{"start":{"line":258,"column":10},"end":{"line":258,"column":null}},{"start":{},"end":{}}],"line":258},"27":{"loc":{"start":{"line":265,"column":10},"end":{"line":265,"column":null}},"type":"if","locations":[{"start":{"line":265,"column":10},"end":{"line":265,"column":null}},{"start":{},"end":{}}],"line":265},"28":{"loc":{"start":{"line":265,"column":14},"end":{"line":265,"column":61}},"type":"binary-expr","locations":[{"start":{"line":265,"column":14},"end":{"line":265,"column":36}},{"start":{"line":265,"column":36},"end":{"line":265,"column":61}}],"line":265},"29":{"loc":{"start":{"line":267,"column":10},"end":{"line":267,"column":null}},"type":"if","locations":[{"start":{"line":267,"column":10},"end":{"line":267,"column":null}},{"start":{},"end":{}}],"line":267},"30":{"loc":{"start":{"line":267,"column":14},"end":{"line":267,"column":47}},"type":"binary-expr","locations":[{"start":{"line":267,"column":14},"end":{"line":267,"column":23}},{"start":{"line":267,"column":23},"end":{"line":267,"column":47}}],"line":267},"31":{"loc":{"start":{"line":269,"column":10},"end":{"line":269,"column":null}},"type":"if","locations":[{"start":{"line":269,"column":10},"end":{"line":269,"column":nul
[...]
":504,"column":14},"end":{"line":504,"column":39}},{"start":{"line":504,"column":39},"end":{"line":504,"column":68}}],"line":504},"100":{"loc":{"start":{"line":505,"column":40},"end":{"line":505,"column":null}},"type":"cond-expr","locations":[{"start":{"line":505,"column":73},"end":{"line":505,"column":77}},{"start":{"line":505,"column":77},"end":{"line":505,"column":null}}],"line":505}},"s":{"0":1,"1":1,"2":1,"3":32,"4":160,"5":156,"6":352,"7":32,"8":31,"9":32,"10":32,"11":507,"12":507,"13":32,"14":12,"15":3,"16":9,"17":1,"18":8,"19":2,"20":6,"21":6,"22":480,"23":6,"24":3,"25":0,"26":1,"27":0,"28":2,"29":42,"30":42,"31":42,"32":42,"33":27,"34":27,"35":2,"36":2,"37":25,"38":25,"39":15,"40":15,"41":135,"42":135,"43":135,"44":121,"45":121,"46":121,"47":121,"48":121,"49":121,"50":121,"51":121,"52":121,"53":121,"54":121,"55":121,"56":121,"57":121,"58":121,"59":121,"60":121,"61":121,"62":121,"63":121,"64":121,"65":125,"66":125,"67":4,"68":121,"69":121,"70":946,"71":0,"72":946,"73":946,"74":4,"75":942,"76":942,"77":121,"78":2,"79":2,"80":1,"81":2,"82":119,"83":151,"84":151,"85":3,"86":148,"87":148,"88":1,"89":147,"90":219,"91":147,"92":2,"93":145,"94":145,"95":6,"96":6,"97":3,"98":3,"99":3,"100":1,"101":2,"102":2,"103":2,"104":0,"105":2,"106":2,"107":20,"108":20,"109":3,"110":17,"111":17,"112":0,"113":17,"114":17,"115":17,"116":17,"117":5,"118":17,"119":5,"120":40,"121":40,"122":5,"123":5,"124":12,"125":2,"126":10,"127":10,"128":1,"129":9,"130":9,"131":9,"132":98,"133":98,"134":3,"135":95,"136":2,"137":93,"138":93,"139":93,"140":93,"141":465,"142":341,"143":124,"144":465,"145":465,"146":93,"147":93,"148":11,"149":11,"150":4,"151":7,"152":7,"153":2,"154":5,"155":4,"156":1,"157":4,"158":11,"159":11,"160":11,"161":11,"162":92,"163":92,"164":5,"165":87,"166":87,"167":87,"168":87,"169":87,"170":87,"171":87,"172":87,"173":435,"174":148,"175":87,"176":87,"177":87,"178":87,"179":87,"180":87,"181":87,"182":87,"183":87,"184":41,"185":8,"186":8,"187":1,"188":7,"189":1,"190":6,"191":6,"192":239,"193":6,"194":150,"195":6,"196":2,"197":4,"198":4,"199":293,"200":4,"201":33,"202":9,"203":9,"204":1,"205":8,"206":5,"207":3,"208":3,"209":3,"210":3,"211":7,"212":7,"213":3,"214":4,"215":4,"216":4,"217":13,"218":13,"219":1,"220":12,"221":6,"222":28,"223":13,"224":2,"225":10,"226":1,"227":9,"228":1,"229":8,"230":8,"231":1,"232":7,"233":6,"234":6,"235":6,"236":1,"237":8,"238":12,"239":6,"240":6,"241":1,"242":5,"243":1,"244":4,"245":190,"246":4,"247":34,"248":4,"249":1,"250":3,"251":210,"252":3,"253":33,"254":3,"255":17,"256":17,"257":1,"258":16,"259":16,"260":16,"261":16,"262":17,"263":17,"264":17,"265":17,"266":17,"267":17,"268":17,"269":17,"270":17,"271":9,"272":9,"273":1,"274":8,"275":11,"276":11,"277":1,"278":10,"279":10,"280":1,"281":9,"282":1,"283":8,"284":8,"285":0,"286":8,"287":8,"288":8,"289":8,"290":8,"291":8,"292":8,"293":8,"294":8,"295":8,"296":8,"297":8,"298":8,"299":8,"300":8,"301":8,"302":8,"303":8,"304":5,"305":5,"306":5,"307":5,"308":5,"309":3,"310":8,"311":1,"312":1,"313":1},"f":{"0":32,"1":160,"2":156,"3":352,"4":12,"5":6,"6":480,"7":6,"8":42,"9":135,"10":135,"11":121,"12":121,"13":125,"14":125,"15":151,"16":151,"17":219,"18":6,"19":6,"20":2,"21":20,"22":20,"23":5,"24":40,"25":40,"26":98,"27":93,"28":93,"29":465,"30":11,"31":11,"32":4,"33":92,"34":87,"35":87,"36":435,"37":8,"38":8,"39":239,"40":150,"41":293,"42":33,"43":9,"44":9,"45":7,"46":7,"47":13,"48":13,"49":6,"50":28,"51":12,"52":6,"53":6,"54":190,"55":34,"56":210,"57":33,"58":17,"59":17,"60":9,"61":11,"62":8,"63":1,"64":1},"b":{"0":[31,1],"1":[3,9],"2":[1,8],"3":[9,8],"4":[2,6],"5":[8,2],"6":[6,6,6],"7":[2,3,0,1,0,2],"8":[3,0],"9":[42,9],"10":[4,38],"11":[27,15],"12":[2,25],"13":[2,25],"14":[2,25],"15":[121,0],"16":[4,121],"17":[125,124],"18":[0,946],"19":[4,942],"20":[2,119],"21":[1,1],"22":[3,148],"23":[151,150],"24":[1,147],"25":[148,148],"26":[2,145],"27":[3,3],"28":[6,5],"29":[1,2],"30":[3,3],"31":[0,2],"32":[3,17],"33":[20,19],"34":[0,17],"35":[17,17],"36":[5,12],"37":[17,5],"38":[40,35],"39":[2,10],"40":[1,9],"41":[3,95],"42":[98,97],"43":[2,93],"44":[341,124],"45":[31,93],"46":[31,93],"47":[465,31],"48":[4,7],"49":[11,10],"50":[2,5],"51":[7,7,7],"52":[1,4],"53":[1,3],"54":[1,3],"55":[11,1],"56":[5,87],"57":[92,91],"58":[9,78],"59":[148,287],"60":[41,46],"61":[1,7],"62":[1,6],"63":[2,4],"64":[6,5],"65":[1,8],"66":[9,4],"67":[5,3],"68":[8,6,5,5,4],"69":[3,4],"70":[7,6],"71":[1,12],"72":[4,8],"73":[6,2],"74":[2,11],"75":[13,12],"76":[1,9],"77":[10,2],"78":[1,8],"79":[9,2],"80":[1,7],"81":[6,1],"82":[1,5],"83":[1,4],"84":[1,3],"85":[4,2],"86":[1,16],"87":[3,13],"88":[16,6],"89":[2,14],"90":[1,8],"91":[9,3],"92":[1,10],"93":[1,8],"94":[9,8],"95":[0,8],"96":[8,3],"97":[5,3],"98":[1,4],"99":[5,1],"100":[1,4]},"meta":{"lastBranch":101,"lastFunction":65,"lastStatement":314,"seen":{"s:51:24:51:Infinity":0,"s:100:17:100:Infinity":1,"s:101:21:101:Infinity":2,"f:110:9:110:24":0,"s:111:28:116:Infinity":3,"f:112:14:112:22":1,"s:112:28:112:50":4,"f:112:52:112:Infinity":2,"s:113:25:113:Infinity":5,"f:115:20:115:25":3,"s:115:43:115:78":6,"b:117:2:117:Infinity:undefined:undefined:undefined:undefined":0,"s:117:2:117:Infinity":7,"s:117:32:117:Infinity":8,"s:118:2:121:Infinity":9,"s:118:15:118:32":10,"s:119:14:119:Infinity":11,"s:120:5:120:Infinity":12,"s:122:2:122:Infinity":13,"f:126:9:126:19":4,"b:127:2:127:Infinity:undefined:undefined:undefined:undefined":1,"s:127:2:127:Infinity":14,"s:127:25:127:Infinity":15,"b:128:2:128:Infinity:undefined:undefined:undefined:undefined":2,"s:128:2:128:Infinity":16,"b:128:6:128:31:128:31:128:54":3,"s:128:54:128:Infinity":17,"b:129:2:129:Infinity:undefined:undefined:undefined:undefined":4,"s:129:2:129:Infinity":18,"b:129:6:129:28:129:28:129:48":5,"s:129:48:129:Infinity":19,"s:130:2:130:Infinity":20,"b:130:9:130:30:130:30:130:51:130:51:130:Infinity":6,"f:134:9:134:20":5,"s:135:2:135:Infinity":21,"f:135:61:135:66":6,"s:135:72:135:76":22,"f:140:9:140:25":7,"b:142:4:142:Infinity:143:4:144:Infinity:145:4:146:Infinity:147:4:148:Infinity:149:4:150:Infinity:151:4:152:Infinity":7,"s:141:2:153:Infinity":23,"s:144:6:144:Infinity":24,"b:144:59:144:65:144:65:144:69":8,"s:146:6:146:Infinity":25,"s:148:6:148:Infinity":26,"s:150:6:150:Infinity":27,"s:152:6:152:Infinity":28,"f:158:9:158:18":8,"s:159:16:159:Infinity":29,"s:161:18:161:Infinity":30,"b:161:18:161:43:161:43:161:Infinity":9,"s:162:17:162:Infinity":31,"b:162:27:162:62:162:62:162:Infinity":10,"b:163:2:180:Infinity:177:9:180:Infinity":11,"s:163:2:180:Infinity":32,"s:165:4:166:Infinity":33,"b:166:53:166:68:166:68:166:74":12,"b:166:84:166:105:166:105:166:Infinity":13,"b:167:4:176:Infinity:170:11:176:Infinity":14,"s:167:4:176:Infinity":34,"s:168:6:168:Infinity":35,"s:169:6:169:Infinity":36,"s:171:6:171:Infinity":37,"s:172:6:175:Infinity":38,"s:178:4:178:Infinity":39,"s:179:4:179:Infinity":40,"f:183:16:183:33":9,"s:184:12:184:Infinity":41,"s:185:2:525:Infinity":42,"f:186:4:186:11":10,"s:186:25:524:6":43,"f:207:6:207:17":11,"s:208:21:208:45":44,"b:208:21:208:32:208:32:208:45":15,"s:209:8:209:Infinity":45,"s:210:8:229:Infinity":46,"f:210:8:210:13":12,"s:211:10:211:Infinity":47,"s:212:10:212:Infinity":48,"s:213:10:213:Infinity":49,"s:214:10:214:Infinity":50,"s:215:10:215:Infinity":51,"s:216:10:216:Infinity":52,"s:217:10:217:Infinity":53,"s:218:10:218:Infinity":54,"s:219:10:219:Infinity":55,"s:220:10:220:Infinity":56,"s:221:10:221:Infinity":57,"s:222:10:222:Infinity":58,"s:223:10:223:Infinity":59,"s:224:10:224:Infinity":60,"s:225:10:225:Infinity":61,"s:226:10:226:Infinity":62,"s:227:10:227:Infinity":63,"s:228:10:228:Infinity":64,"f:232:6:232:Infinity":13,"s:233:8:250:Infinity":65,"f:233:8:233:13":14,"b:234:10:234:Infinity:undefined:undefined:undefined:undefined":16,"s:234:10:234:Infinity":66,"b:234:14:234:36:234:36:234:61":17,"s:234:61:234:Infinity":67,"s:235:10:241:Infinity":68,"s:235:23:235:26":69,"b:236:12:236:Infinity:undefined:undefined:undefined:undefined":18,"s:236:12:236:Infinity":70,"s:236:45:236:Infinity":71,"s:237:22:237:Infinity":72,"b:238:12:238:Infinity:undefined:undefined:undefined:undefined":19,"s:238:12:238:Infinity":73,"s:238:25:238:Infinity":74,"s:239:12:239:Infinity":75,"s:240:12:240:Infinity":76,"b:242:10:248:Infinity:undefined:undefined:undefined:undefined":20,"s:242:10:248:Infinity":77,"s:245:12:245:Infinity":78,"b:246:12:246:Infinity:undefined:undefined:undefined:undefined":21,"s:246:12:246:Infinity":79,"s:246:35:246:Infinity":80,"s:247:12:247:Infinity":81,"s:249:10:249:Infinity":82,"f:252:6:252:17":15,"s:253:8:261:Infinity":83,"f:253:8:253:13":16,"b:254:10:254:Infinity:undefined:undefined:undefined:undefined":22,"s:254:10:254:Infinity":84,"b:254:14:254:36:254:36:254:61":23,"s:254:61:254:Infinity":85,"s:255:23:255:Infinity":86,"b:256:10:256:Infinity:undefined:undefined:undefined:undefined":24,"s:256:10:256:Infinity":87,"b:256:14:256:23:256:23:256:47":25,"s:256:47:256:Infinity":88,"s:257:25:257:Infinity":89,"f:257:33:257:44":17,"s:257:50:257:68":90,"b:258:10:258:Infinity:undefined:undefined:undefined:undefined":26,"s:258:10:258:Infinity":91,"s:258:29:258:Infinity":92,"s:259:10:259:Infinity":93,"s:260:10:260:Infinity":94,"f:263:6:263:19":18,"s:264:8:272:Infinity":95,"f:264:8:264:13":19,"b:265:10:265:Infinity:undefined:undefined:undefined:undefined":27,"s:265:10:265:Infinity":96,"b:265:14:265:36:265:36:265:61":28,"s:265:61:265:Infinity":97,"s:266:23:266:Infinity":98,"b:267:10:267:Infinity:undefined:undefined:undefined:undefined":29,"s:267:10:267:Infinity":99,"b:267:14:267:23:267:23:267:47":30,"s:267:47:267:Infinity":100,"s:268:25:268:Infinity":101,"f:268:33:268:44":20,"s:268:50:268:68":102,"b:269:10:269:Infinity:undefined:undefined:undefined:undefined":31,"s:269:10:269:Infinity":103,"s:269:29:269:Infinity":104,"s:270:10:270:Infinity":105,"s:271:10:271:Infinity":106,"f:274:6:274:16":21,"s:275:8:299:Infinity":107,"f:275:8:275:13":22,"b:276:10:276:Infinity:undefined:undefined:undefined:undefined":32,"s:276:10:276:Infinity":108,"b:276:14:276:36:276:36:276:61":33,"s:276:61:276:Infinity":109,"s:277:23:277:Infinity":110,"b:278:10:278:Infinity:undefined:undefined:undefined:undefined":34,"s:278:10:278:Infinity":111,"b:278:14:278:23:278:23:278:47":35,"s:278:47:278:Infinity":112,"s:279:23:279:Infinity":113,"s:280:10:280:Infinity":114,"s:281:10:281:Infinity":115,"s:283:23:283:Infinity":116,"f:283:36:283:42":23,"s:283:48:283:65":117,"b:284:10:298:Infinity:undefined:undefined:undefined:undefined":36,"s:284:10:298:Infinity":118,"b:284:14:284:22:284:22:284:44":37,"s:285:26:288:Infinity":119,"f:287:25:287:30":24,"s:287:39:287:40":120,"f:287:42:287:50":25,"s:287:56:287:102":121,"b:287:56:287:75:287:75:287:102":38,"s:289:20:289:Infinity":122,"s:290:12:297:Infinity":123,"b:291:14:291:Infinity:undefined:undefined:undefined:undefined":39,"s:291:14:291:Infinity":124,"s:291:26:291:Infinity":125,"s:292:24:292:Infinity":126,"b:293:14:293:Infinity:undefined:undefined:undefined:undefined":40,"s:293:14:293:Infinity":127,"s:293:27:293:Infinity":128,"s:294:14:294:Infinity":129,"s:295:14:295:Infinity":130,"s:296:14:296:Infinity":131,"f:301:6:301:25":26,"s:302:19:302:Infinity":132,"b:303:8:303:Infinity:undefined:undefined:undefined:undefined":41,"s:303:8:303:Infinity":133,"b:303:12:303:34:303:34:303:59":42,"s:303:59:303:Infinity":134,"b:304:8:304:Infinity:undefined:undefined:undefined:undefined":43,"s:304:8:304:Infinity":135,"s:304:37:304:Infinity":136,"s:306:8:308:Infinity":137,"f:306:8:306:13":27,"s:307:10:307:Infinity":138,"s:311:8:320:Infinity":139,"f:311:8:311:13":28,"s:312:10:317:Infinity":140,"f:312:17:312:26":29,"b:313:12:313:Infinity:undefined:undefined:undefined:undefined":44,"s:313:12:313:Infinity":141,"s:313:40:313:Infinity":142,"s:314:25:314:Infinity":143,"b:314:33:314:49:314:49:314:Infinity":45,"s:315:39:315:Infinity":144,"b:315:72:315:90:315:90:315:Infinity":46,"b:315:39:315:47:315:47:315:72":47,"s:316:12:316:Infinity":145,"s:318:10:318:Infinity":146,"s:319:10:319:Infinity":147,"f:323:6:323:19":30,"s:324:8:334:Infinity":148,"f:324:8:324:13":31,"b:325:10:325:Infinity:undefined:undefined:undefined:undefined":48,"s:325:10:325:Infinity":149,"b:325:14:325:36:325:36:325:61":49,"s:325:61:325:Infinity":150,"s:326:23:326:Infinity":151,"b:327:10:327:Infinity:undefined:undefined:undefined:undefined":50,"s:327:10:327:Infinity":152,"b:327:14:327:23:327:23:327:49:327:49:327:64":51,"s:327:64:327:Infinity":153,"b:328:10:328:Infinity:undefined:undefined:undefined:undefined":52,"s:328:10:328:Infinity":154,"f:328:33:328:39":32,"s:328:45:328:62":155,"s:328:65:328:Infinity":156,"s:329:23:329:Infinity":157,"b:329:39:329:64:329:64:329:Infinity":53,"s:330:37:330:Infinity":158,"b:330:70:330:88:330:88:330:Infinity":54,"b:330:37:330:45:330:45:330:70":55,"s:331:10:331:Infinity":159,"s:332:10:332:Infinity":160,"s:333:10:333:Infinity":161,"f:336:6:336:19":33,"s:337:19:337:Infinity":162,"b:338:8:338:Infinity:undefined:undefined:undefined:undefined":56,"s:338:8:338:Infinity":163,"b:338:12:338:34:338:34:338:59":57,"s:338:59:338:Infinity":164,"s:340:8:342:Infinity":165,"f:340:8:340:13":34,"s:341:10:341:Infinity":166,"s:344:8:362:Infinity":167,"f:344:8:344:13":35,"s:345:24:345:Infinity":168,"s:346:43:346:Infinity":169,"b:346:67:346:86:346:86:346:Infinity":58,"s:347:25:347:Infinity":170,"s:349:10:349:Infinity":171,"s:350:10:352:Infinity":172,"f:350:17:350:26":36,"b:351:12:351:Infinity:undefined:undefined:undefined:undefined":59,"s:351:12:351:Infinity":173,"s:351:40:351:Infinity":174,"s:353:10:353:Infinity":175,"s:354:10:354:Infinity":176,"s:355:10:355:Infinity":177,"s:356:10:356:Infinity":178,"s:357:10:357:Infinity":179,"s:358:10:358:Infinity":180,"s:359:10:359:Infinity":181,"s:360:10:360:Infinity":182,"b:361:10:361:Infinity:undefined:undefined:undefined:undefined":60,"s:361:10:361:Infinity":183,"s:361:32:361:Infinity":184,"f:365:6:365:18":37,"s:366:8:378:Infinity":185,"f:366:8:366:13":38,"b:367:10:367:Infinity:undefined:undefined:undefined:undefined":61,"s:367:10:367:Infinity":186,"s:367:35:367:Infinity":187,"b:368:10:368:Infinity:undefined:undefined:undefined:undefined":62,"s:368:10:368:Infinity":188,"s:368:31:368:Infinity":189,"s:369:29:369:Infinity":190,"s:370:23:370:Infinity":191,"f:370:34:370:40":39,"s:370:46:370:61":192,"s:371:21:371:Infinity":193,"f:371:32:371:38":40,"s:371:44:371:57":194,"b:372:10:372:Infinity:undefined:undefined:undefined:undefined":63,"s:372:10:372:Infinity":195,"b:372:14:372:23:372:23:372:28":64,"s:372:28:372:Infinity":196,"s:375:10:375:Infinity":197,"s:376:10:376:Infinity":198,"f:376:46:376:54":41,"s:376:60:376:75":199,"s:377:10:377:Infinity":200,"f:377:52:377:60":42,"s:377:66:377:81":201,"f:380:6:380:18":43,"s:381:8:389:Infinity":202,"f:381:8:381:13":44,"b:382:10:382:Infinity:undefined:undefined:undefined:undefined":65,"s:382:10:382:Infinity":203,"b:382:14:382:36:382:36:382:57":66,"s:382:57:382:Infinity":204,"b:383:10:384:Infinity:undefined:undefined:undefined:undefined":67,"s:383:10:384:Infinity":205,"b:383:14:383:29:383:29:383:41:383:41:383:51:383:51:383:79:383:79:383:Infinity":68,"s:384:12:384:Infinity":206,"s:385:25:385:Infinity":207,"s:386:26:386:Infinity":208,"s:387:10:387:Infinity":209,"s:388:10:388:Infinity":210,"f:391:6:391:Infinity":45,"s:392:8:397:Infinity":211,"f:392:8:392:13":46,"b:393:10:393:Infinity:undefined:undefined:undefined:undefined":69,"s:393:10:393:Infinity":212,"b:393:14:393:37:393:37:393:57":70,"s:393:57:393:Infinity":213,"s:394:10:394:Infinity":214,"s:395:10:395:Infinity":215,"s:396:10:396:Infinity":216,"f:399:6:399:12":47,"s:400:8:426:Infinity":217,"f:400:8:400:13":48,"b:401:10:401:Infinity:undefined:undefined:undefined:undefined":71,"s:401:10:401:Infinity":218,"s:401:35:401:Infinity":219,"s:403:12:407:Infinity":220,"b:404:16:404:Infinity:405:16:407:Infinity":72,"f:404:23:404:29":49,"s:404:35:404:55":221,"b:406:18:406:Infinity:407:18:407:Infinity":73,"f:406:31:406:37":50,"s:406:43:406:68":222,"b:408:10:408:Infinity:undefined:undefined:undefined:undefined":74,"s:408:10:408:Infinity":223,"b:408:14:408:37:408:37:408:54":75,"s:408:54:408:Infinity":224,"b:409:10:409:Infinity:undefined:undefined:undefined:undefined":76,"s:409:10:409:Infinity":225,"b:409:14:409:40:409:40:409:73":77,"s:409:73:409:Infinity":226,"b:410:10:410:Infinity:undefined:undefined:undefined:undefined":78,"s:410:10:410:Infinity":227,"b:410:14:410:43:410:43:410:73":79,"s:410:73:410:Infinity":228,"s:411:10:411:Infinity":229,"b:412:10:423:Infinity:414:17:423:Infinity":80,"s:412:10:423:Infinity":230,"s:413:12:413:Infinity":231,"b:414:17:423:Infinity:420:17:423:Infinity":81,"s:414:17:423:Infinity":232,"s:417:31:417:Infinity":233,"s:418:12:418:Infinity":234,"s:419:12:419:Infinity":235,"s:422:12:422:Infinity":236,"s:425:10:425:Infinity":237,"f:425:42:425:50":51,"s:425:56:425:76":238,"f:428:6:428:19":52,"s:429:8:438:Infinity":239,"f:429:8:429:13":53,"b:430:10:430:Infinity:undefined:undefined:undefined:undefined":82,"s:430:10:430:Infinity":240,"s:430:35:430:Infinity":241,"b:431:10:431:Infinity:undefined:undefined:undefined:undefined":83,"s:431:10:431:Infinity":242,"s:431:42:431:Infinity":243,"s:432:25:432:Infinity":244,"f:432:42:432:48":54,"s:432:54:432:65":245,"s:433:28:433:Infinity":246,"f:433:48:433:54":55,"s:433:60:433:71":247,"b:434:10:434:Infinity:undefined:undefined:undefined:undefined":84,"s:434:10:434:Infinity":248,"b:434:14:434:25:434:25:434:37":85,"s:434:37:434:Infinity":249,"s:435:10:435:Infinity":250,"f:435:46:435:54":56,"s:435:60:435:71":251,"s:436:10:436:Infinity":252,"f:436:52:436:60":57,"s:436:66:436:77":253,"s:437:10:437:Infinity":254,"f:440:6:440:Infinity":58,"s:441:8:458:Infinity":255,"f:441:8:441:13":59,"b:442:10:442:Infinity:undefined:undefined:undefined:undefined":86,"s:442:10:442:Infinity":256,"s:442:35:442:Infinity":257,"s:443:10:443:Infinity":258,"s:444:23:444:Infinity":259,"s:445:10:445:Infinity":260,"s:447:12:447:Infinity":261,"b:447:64:447:83:447:83:447:Infinity":87,"b:447:12:447:36:447:36:447:64":88,"s:448:10:448:Infinity":262,"b:448:72:448:76:448:76:448:Infinity":89,"s:449:10:449:Infinity":263,"s:450:10:450:Infinity":264,"s:451:10:451:Infinity":265,"s:453:10:453:Infinity":266,"s:454:10:454:Infinity":267,"s:455:10:455:Infinity":268,"s:456:10:456:Infinity":269,"s:457:10:457:Infinity":270,"f:460:6:460:18":60,"s:461:19:461:Infinity":271,"b:462:8:462:Infinity:undefined:undefined:undefined:undefined":90,"s:462:8:462:Infinity":272,"b:462:12:462:34:462:34:462:55":91,"s:462:55:462:Infinity":273,"s:463:8:463:Infinity":274,"f:466:6:466:20":61,"s:467:20:467:Infinity":275,"b:468:8:468:Infinity:undefined:undefined:undefined:undefined":92,"s:468:8:468:Infinity":276,"s:468:26:468:Infinity":277,"s:470:8:474:Infinity":278,"s:471:10:471:Infinity":279,"s:473:10:473:Infinity":280,"b:476:8:476:Infinity:undefined:undefined:undefined:undefined":93,"s:476:8:476:Infinity":281,"b:476:12:476:46:476:46:476:73":94,"s:476:73:476:Infinity":282,"s:477:18:477:Infinity":283,"b:478:8:478:Infinity:undefined:undefined:undefined:undefined":95,"s:478:8:478:Infinity":284,"b:478:12:478:33:478:33:478:53":96,"s:478:53:478:Infinity":285,"s:480:8:480:Infinity":286,"s:481:8:517:Infinity":287,"f:481:8:481:13":62,"s:483:10:483:Infinity":288,"s:484:10:484:Infinity":289,"s:485:10:485:Infinity":290,"s:486:10:486:Infinity":291,"s:487:10:487:Infinity":292,"s:488:10:488:Infinity":293,"s:489:10:489:Infinity":294,"s:490:10:490:Infinity":295,"s:491:10:491:Infinity":296,"s:493:10:493:Infinity":297,"s:494:10:494:Infinity":298,"s:495:10:495:Infinity":299,"s:496:10:496:Infinity":300,"s:497:10:497:Infinity":301,"s:498:10:498:Infinity":302,"b:499:10:515:Infinity:508:17:515:Infinity":97,"s:499:10:515:Infinity":303,"s:502:26:502:Infinity":304,"s:504:14:504:Infinity":305,"b:504:68:504:87:504:87:504:Infinity":98,"b:504:14:504:39:504:39:504:68":99,"s:505:12:505:Infinity":306,"b:505:73:505:77:505:77:505:Infinity":100,"s:506:12:506:Infinity":307,"s:507:12:507:Infinity":308,"s:511:12:514:Infinity":309,"s:516:10:516:Infinity":310,"f:520:6:520:Infinity":63,"s:521:8:523:Infinity":311,"f:521:8:521:13":64,"s:522:10:522:Infinity":312,"s:529:27:529:Infinity":313},"fnNames":{}}}
}
